Started by GitHub push by gkdevops
Running in Durability level: MAX_SURVIVABILITY
[8mha:////4CZ+36KogOyRDokU4T6yJXo8kCQU/M+O66I8VbhpojnCAAAAoh+LCAAAAAAAAP9tjTEOwjAQBM8BClpKHuFItIiK1krDC0x8GCfWnbEdkooX8TX+gCESFVvtrLSa5wtWKcKBo5UdUu8otU4GP9jS5Mixv3geZcdn2TIl9igbHBs2eJyx4YwwR1SwULBGaj0nRzbDRnX6rmuvydanHMu2V1A5c4MHCFXMWcf8hSnC9jqYxPTz/BXAFEIGsfuclm8zQVqFvQAAAA==[0m[Pipeline] Start of Pipeline
[8mha:////4Frp0F+ro1PsALtdSyRyGmmpsE5rps6zcdK763cwZdoGAAAApR+LCAAAAAAAAP9tjTEOwjAUQ3+KOrAycohUghExsUZZOEFIQkgb/d8mKe3EibgadyBQiQlLlmxL1nu+oE4RjhQdby12HpP2vA+jK4lPFLtroIm3dOGaMFGwXNpJkrGnpUrKFhaxClYC1hZ1oOTRZdiIVt1VExS65pxj2Q4CKm8GeAAThZxVzN8yR9jeRpMIf5y/AJj7DGxXvP/86jduZBmjwAAAAA==[0m[Pipeline] node
Running on [8mha:////4INC+vWut4O5DYdi90uXgT8hLt2AaQGp0TtAo9F7WKONAAAAnh+LCAAAAAAAAP9b85aBtbiIQTGjNKU4P08vOT+vOD8nVc83PyU1x6OyILUoJzMv2y+/JJUBAhiZGBgqihhk0NSjKDWzXb3RdlLBUSYGJk8GtpzUvPSSDB8G5tKinBIGIZ+sxLJE/ZzEvHT94JKizLx0a6BxUmjGOUNodHsLgAz2EgZh/eT83ILSktQifY3cxGIgrakPAHib2iPIAAAA[0mJenkins in /root/.jenkins/workspace/PL-PetClinic
[8mha:////4FG7ao3vNlTGPbn4hb65hkyHuj+mlBTs00gPgeawLQW9AAAApR+LCAAAAAAAAP9tjTEOwjAUQ3+KOrAycoh0gA0xsUZZOEFIQkgb/d8mKe3EibgadyBQiQlLlmxL1nu+oE4RjhQdby12HpP2vA+jK4lPFLtroIm3dOGaMFGwXNpJkrGnpUrKFhaxClYC1hZ1oOTRZdiIVt1VExS65pxj2Q4CKm8GeAAThZxVzN8yR9jeRpMIf5y/AJj7DGxXvP/86jfoP95RwAAAAA==[0m[Pipeline] {
[8mha:////4LVlWpyx6vrSRz9rOq2pA8U3RDnqeik7smxAXU8TZb1QAAAAoh+LCAAAAAAAAP9tjTEOAiEURD9rLGwtPQTbaGWsbAmNJ0AWEZb8zwLrbuWJvJp3kLiJlZNMMm+a93rDOic4UbLcG+wdZu14DKOti0+U+lugiXu6ck2YKRguzSSpM+cFJRUDS1gDKwEbgzpQdmgLbIVXD9UGhba9lFS/o4DGdQM8gYlqLiqVL8wJdvexy4Q/z18BzLEA29ce4gdpL1fxvAAAAA==[0m[Pipeline] tool
[8mha:////4D7SNiw8HE5a9xsFC+SCv6pOoyndFgiFeNQw2xjpOtrCAAAAoh+LCAAAAAAAAP9tjTEOAiEURD9rLGwtPQTbGBtjZUtoPAGyiLDkfxZYdytP5NW8g8RNrJxkknnTvNcb1jnBiZLl3mDvMGvHYxhtXXyi1N8CTdzTlWvCTMFwaSZJnTkvKKkYWMIaWAnYGNSBskNbYCu8eqg2KLTtpaT6HQU0rhvgCUxUc1GpfGFOsLuPXSb8ef4KYI4F2L72ED+qfHravAAAAA==[0m[Pipeline] properties
[8mha:////4OFuEqj30OyTSRm8cQ/d3JVQNb9ZB3eEYT1wc8sKxfOUAAAAph+LCAAAAAAAAP9tjTEOwjAUQ3+KOrAycoh0QWJATKxRFk4QkhDSRv+3SUo7cSKuxh0IVGLCkiXbkvWeL6hThCNFx1uLncekPe/D6EriE8XuGmjiLV24JkwULJd2kmTsaamSsoVFrIKVgLVFHSh5dBk2olV31QSFrjnnWLaDgMqbAR7ARCFnFfO3zBG2t9Ekwh/nLwDmPgPbFe8/v/oNP1aWNcAAAAA=[0m[Pipeline] stage
[8mha:////4Hs4xH9jZ2D9Qv9mOs3g5E81kJw1NVPYaH/e4ocO2dqHAAAApR+LCAAAAAAAAP9tjTEOwjAUQ3+KOrAycoh0BAkxsUZZOEFIQkgb/d8mKe3EibgadyBQiQlLlmxL1nu+oE4RjhQdby12HpP2vA+jK4lPFLtroIm3dOGaMFGwXNpJkrGnpUrKFhaxClYC1hZ1oOTRZdiIVt1VExS65pxj2Q4CKm8GeAAThZxVzN8yR9jeRpMIf5y/AJj7DGxXvP/86jfpX/cvwAAAAA==[0m[Pipeline] { (Clear workspace)
[8mha:////4D1L/b+5HmTUgviRq55ANhFFtBb5XPyGsTNk0q+FbThwAAAAoh+LCAAAAAAAAP9tjTEOAiEURD9rLGwtPQTbaoyVLaHxBMgiwpL/WWDdrTyRV/MOEjexcpJJ5k3zXm9Y5wQnSpZ7g73DrB2PYbR18YlSfws0cU9XrgkzBcOlmSR15rygpGJgCWtgJWBjUAfKDm2BrfDqodqg0LaXkup3FNC4boAnMFHNRaXyhTnB7j52mfDn+SuAORZg+9pD/AAeoCAqvAAAAA==[0m[Pipeline] echo
Deleteing the workspace directory
[8mha:////4Bcvwr8mqWO/7YxIgF6BaXMIEgPTPDXYUvdnvHpliT5EAAAAox+LCAAAAAAAAP9tjTEOwjAQBDdBFLSUPMKBDglR0VppeIFJjHFi3QX7QlLxIr7GH4iIRMVWO9PM641lijhydKqx1HpKlVdd6N301MCxvQYeVMMXVTElDlaVdii5tqcZSxaLeVmOhcbKUhU4eXKCtW7MwxTBkCvOEid30Mh9fccTmZ7KYqJ8YYzY3Po6Mf06fwMYO0G2F+S7bfcBITL9lL0AAAA=[0m[Pipeline] deleteDir
[8mha:////4L+ZLpc59OJ2TGHW8r3PoG5RP17AnM64jmGG9lkL43u9AAAAox+LCAAAAAAAAP9tjbEOgjAURS8YB1dHP6KEzcQ4uTYsfkGFWgvNe9g+hMkv8tf8B4kkTt7pnrOc1xvrFHHk6FRrqfOUaq/6MLj5qZFjdw08qpYvqmZKHKyq7FhxY08LViwWy7IcK42NpTpw8uQEW92ahymCIVecJc7uoJH75o4nMj2XxUT5whSxuw1NYvp1/gYw9b0gL0tBtv8AHk6T5r0AAAA=[0m[Pipeline] }
[8mha:////4L6VEw5Za7YrIdDhIkADj/4vcunUkDj/HmJXut7Ufxc1AAAAox+LCAAAAAAAAP9tjTEOwjAQBDdBFLSUPMIRNBSIitZKwwtMYowT6y7YF5KKF/E1/kBEJCq22plmXm8sU8SRo1ONpdZTqrzqQu+mpwaO7TXwoBq+qIopcbCqtEPJtT3NWLJYzMtyLDRWlqrAyZMTrHVjHqYIhlxxlji5g0bu6zueyPRUFhPlC2PE5tbXienX+RvA2HWCfLsTZPsPXymMMb0AAAA=[0m[Pipeline] // stage
[8mha:////4K/Y41oJib9wtkgmBiaXdmOgtP7x+i/jszNj7GrX6EXiAAAAph+LCAAAAAAAAP9tjTEOwjAQBM9BKWgpeYQjBB2iorXc8AITG+PEugv2haTiRXyNPxCIRMVWOyut5vmCMic4UPKycdgGzHWQXez91ORAqb1EGmRDZ1kTZopOajdosu44oyZ2MEcUsFCwdFhHygE9w0o15m6qaNBXJ07TtldQBHuDBwg1mdkk/sKYYH3tbSb8ef4KYOwYxI6h2Gw/x/INGJa+18EAAAA=[0m[Pipeline] stage
[8mha:////4FEQyjwVUtZeUzg8bdkE0rvH+T7mVSfw+jtW2nHpKrE6AAAApx+LCAAAAAAAAP9tjTEOwjAUQ3+LOrAycohUCDbE1DXKwglCE0La6P/yk9JOnIircQdaKjHhwbItWe/1hiIynIidaCy2HmPtRRd6NyUxELfXQINo6CJqwkjBCmUHRcZWS1WULCzKclhJWFusA0WPLsFGNvqhy6DRlefE03aUkHtzhydkciInzelbRobtrTeR8Mf5C4CxS5Dv9rMd5mfxAbNWnxXCAAAA[0m[Pipeline] { (print a parameter)
[8mha:////4IdqGra55hRZ50lOrbbWaO6ita7c4OFBejVNTnkwAO1yAAAApB+LCAAAAAAAAP9tjTEOwjAQBC9BFLSUPOIiJKgQVVrLDS8wsTFOrDtjOyQVL+Jr/IFAJCq2WO1sM88XLFOEI0eLraHOUWocBt/baeHAsbt4HrDlMzZMib1BaQbJ2tQzSs4G5hQlLASsDDWekyObYS1adVeVV2SrU47TdxBQOn2DBxRiMmcV8xfGCJtrrxPTz/NXAGPIUG53n9qHN8W7Eii+AAAA[0m[Pipeline] echo
The value of the environment is DEV
[8mha:////4GIh8hX8CJ4V5iYeYAg0H69oeKyzVijU92EeHkhMjO4JAAAApR+LCAAAAAAAAP9tjTEOwjAQBC9BFLSUPOIiJESDqNJabniBiY1xYt0Z2yGpeBFf4w8EIlGxxWpnm3m+YJkiHDlabA11jlLjMPjeTgsHjt3F84Atn7FhSuwNSjNI1qaeUXI2MKcoYSFgZajxnBzZDGvRqruqvCJbnXKcvoOA0ukbPKAQkzmrmL8wRthce52Yfp6/AhhDyFBu95/avQG9gN7HvgAAAA==[0m[Pipeline] }
[8mha:////4OocnzU3nOeSKkIpkCUUqTEx93EDaac1sCeVGN7t8QT2AAAApR+LCAAAAAAAAP9tjTEOwjAQBC9BFLSUPOIiREGBqNJabniBiY1xYt0Z2yGpeBFf4w8EIlGxxWpnm3m+YJkiHDlabA11jlLjMPjeTgsHjt3F84Atn7FhSuwNSjNI1qaeUXI2MKcoYSFgZajxnBzZDGvRqruqvCJbnXKcvoOA0ukbPKAQkzmrmL8wRthce52Yfp6/AhhDyFBu95/avQG7xuaSvgAAAA==[0m[Pipeline] // stage
[8mha:////4PYvLMZk1fbY4XqKSiOMitS0yjqi/I3e4TzCKtADkM9MAAAApx+LCAAAAAAAAP9tjTEOwjAQBM9BKWgpeYQjJAokREVrueEFJjbGiXUX7AtJxYv4Gn8gEImKrXZWWs3zBWVOcKDkZeOwDZjrILvY+6nJgVJ7iTTIhs6yJswUndRu0GTdcUZN7GCOKGChYOmwjpQDeoaVaszdVNGgr06cpm2voAj2Bg8QajKzSfyFMcH62ttM+PP8FcDYMYgtQ7HZfY7lG9tmeb3BAAAA[0m[Pipeline] stage
[8mha:////4PcYiYoRGx0N+bqtBLA1vuK5lg6U8ob/qQVHyf1CN9W6AAAApx+LCAAAAAAAAP9tjTEOwjAUQ3+LOrAycohUbCDE1DXKwglCE0La6P/yk9JOnIircQdaKjHhwbItWe/1hiIynIidaCy2HmPtRRd6NyUxELfXQINo6CJqwkjBCmUHRcZWS1WULCzKclhJWFusA0WPLsFGNvqhy6DRlefE03aUkHtzhydkciInzelbRobtrTeR8Mf5C4CxS5Dv9rMd5mfxASnCIIrCAAAA[0m[Pipeline] { (Checkout Code)
[8mha:////4LdvfMK64k7MGB1pdjQoSC82v4sdqLRU+L5AE3q/TaUdAAAApB+LCAAAAAAAAP9tjTEOwjAQBC9BFLSUPOICdAilorXc8AKTGOPEugu2g1PxIr7GH7CIRMUWq51t5vWGZfBQszfYaeothcbi4EaTFyb2/dVxwo4v2DAFdhqlTpJbfZpRctQwpyhhIWClqXEcLJkIa9Gph6qcIlOdo8/fUUBp2zs8oRDZHJWPX5g8bG5jG5h+nr8CmIYI5e6Qa78dPhmQ9Da+AAAA[0m[Pipeline] git
using credential github.com
Cloning the remote Git repository
Cloning repository https://github.com/gkdevops/PetClinic.git
 > git init /root/.jenkins/workspace/PL-PetClinic # timeout=10
Fetching upstream changes from https://github.com/gkdevops/PetClinic.git
 > git --version # timeout=10
using GIT_ASKPASS to set credentials github.com
 > git fetch --tags --progress https://github.com/gkdevops/PetClinic.git +refs/heads/*:refs/remotes/origin/*
 > git config remote.origin.url https://github.com/gkdevops/PetClinic.git # timeout=10
 > git config --add remote.origin.fetch +refs/heads/*:refs/remotes/origin/* # timeout=10
 > git config remote.origin.url https://github.com/gkdevops/PetClinic.git # timeout=10
Fetching upstream changes from https://github.com/gkdevops/PetClinic.git
using GIT_ASKPASS to set credentials github.com
 > git fetch --tags --progress https://github.com/gkdevops/PetClinic.git +refs/heads/*:refs/remotes/origin/*
 > git rev-parse refs/remotes/origin/master^{commit} # timeout=10
 > git rev-parse refs/remotes/origin/origin/master^{commit} # timeout=10
Checking out Revision 9d6692c0f83b9142d19ff3d69818c28d44b48fd0 (refs/remotes/origin/master)
 > git config core.sparsecheckout # timeout=10
 > git checkout -f 9d6692c0f83b9142d19ff3d69818c28d44b48fd0
 > git branch -a -v --no-abbrev # timeout=10
 > git checkout -b master 9d6692c0f83b9142d19ff3d69818c28d44b48fd0
Commit message: "Update Readme.txt"
 > git rev-list --no-walk 402a254b5e816bab445884b69c5afe19d6bbfa39 # timeout=10
[8mha:////4H5gTEj3KOEH2hkJlYILsJY1x92/BtUvIGpNYyi6j1EMAAAApB+LCAAAAAAAAP9tjTEOwjAQBC9BFLSUPOKi0CFEldZKwwtMbIwT687YDknFi/gaf8AiEhVbrHa2mdcb1jHAiYPBXtNgKXYWvRtNXjhxGK6OJ+z5gh1TZKex1VPLSjcLtpw0LClKWAnYaOocR0smwVb08iErJ8lU5xTydxRQWnWHJxQim5MM6QtzgN1tVJHp5/krgNn7BOW+zlUfPiXWgpW+AAAA[0m[Pipeline] }
[8mha:////4Cjr3wbEsHM7mxI+l6us8IlR+uvtanFyAQV9RH2aVksSAAAApR+LCAAAAAAAAP9tjTEOwjAQBC9BFLSUPMIRqZAQVVorDS8w8WGcWHfGdkgqXsTX+AMWkajYYrWzzbzesI4BThyM6JEGS7GzwrvR5CUmDsPV8SR6voiOKbJD0eLUssZmwZYTwpKihJWEDVLnOFoyCbayVw9VOUWmOqeQv6OE0uo7PKGQ2ZxUSF+YA+xuo45MP89fAczeJyjrOtf+8AEdlBFkvgAAAA==[0m[Pipeline] // stage
[8mha:////4LAsvzdK7IsabR1I9anEJGxGFKhQ2wJ1YkmgNwKkVjkSAAAAph+LCAAAAAAAAP9tjTEOwjAQBM9BKWgpeYQjAR2iorXc8AITG+PEugv2haTiRXyNPxCIRMVWOyut5vmCMic4UPKycdgGzHWQXez91ORAqb1EGmRDZ1kTZopOajdosu44oyZ2MEcUsFCwdFhHygE9w0o15m6qaNBXJ07TtldQBHuDBwg1mdkk/sKYYH3tbSb8ef4KYOwYxI6h2Gw/x/INhYxW5sEAAAA=[0m[Pipeline] stage
[8mha:////4JZMqS61nVhsJnKpCntjcPoU/AbHbgPe6jVlMms89MtDAAAApx+LCAAAAAAAAP9tjTEOwjAUQ3+LOrAycohUAjbE1DXKwglCE0La6P/yk9JOnIircQdaKjHhwbItWe/1hiIynIidaCy2HmPtRRd6NyUxELfXQINo6CJqwkjBCmUHRcZWS1WULCzKclhJWFusA0WPLsFGNvqhy6DRlefE03aUkHtzhydkciInzelbRobtrTeR8Mf5C4CxS5Dv9rMd5mfxAd6e6VPCAAAA[0m[Pipeline] { (Maven Test)
[8mha:////4O268SepGVyEzigv9Nxm0fcMPlRxJePpixG7T5YgsuXFAAAApB+LCAAAAAAAAP9tjTEOwjAQBC9BFLSUPOIiIagQVVrLDS8wsTFOrDtjOyQVL+Jr/IFAJCq2WO1sM88XLFOEI0eLraHOUWocBt/baeHAsbt4HrDlMzZMib1BaQbJ2tQzSs4G5hQlLASsDDWekyObYS1adVeVV2SrU47TdxBQOn2DBxRiMmcV8xfGCJtrrxPTz/NXAGPIUG53n9qHN38C26S+AAAA[0m[Pipeline] sh
+ /opt/apache-maven-3.6.1/bin/mvn clean test
[INFO] Scanning for projects...
[INFO] 
[INFO] ------------< org.springframework.samples:spring-petclinic >------------
[INFO] Building petclinic 4.2.5-SNAPSHOT
[INFO] --------------------------------[ war ]---------------------------------
[INFO] 
[INFO] --- maven-clean-plugin:2.5:clean (default-clean) @ spring-petclinic ---
[INFO] 
[INFO] --- cobertura-maven-plugin:2.7:clean (default) @ spring-petclinic ---
[INFO] 
[INFO] --- maven-resources-plugin:2.6:resources (default-resources) @ spring-petclinic ---
[INFO] Using 'UTF-8' encoding to copy filtered resources.
[INFO] Copying 18 resources
[INFO] 
[INFO] --- maven-compiler-plugin:3.0:compile (default-compile) @ spring-petclinic ---
[INFO] Changes detected - recompiling the module!
[INFO] Compiling 45 source files to /root/.jenkins/workspace/PL-PetClinic/target/classes
[parsing started RegularFileObject[/root/.jenkins/workspace/PL-PetClinic/src/main/java/org/springframework/samples/petclinic/service/ClinicServiceImpl.java]]
[parsing completed 49ms]
[parsing started RegularFileObject[/root/.jenkins/workspace/PL-PetClinic/src/main/java/org/springframework/samples/petclinic/web/PetValidator.java]]
[parsing completed 2ms]
[parsing started RegularFileObject[/root/.jenkins/workspace/PL-PetClinic/src/main/java/org/springframework/samples/petclinic/model/PetType.java]]
[parsing completed 0ms]
[parsing started RegularFileObject[/root/.jenkins/workspace/PL-PetClinic/src/main/java/org/springframework/samples/petclinic/repository/PetRepository.java]]
[parsing completed 0ms]
[parsing started RegularFileObject[/root/.jenkins/workspace/PL-PetClinic/src/main/java/org/springframework/samples/petclinic/repository/jdbc/JdbcPetRepositoryImpl.java]]
[parsing completed 25ms]
[parsing started RegularFileObject[/root/.jenkins/workspace/PL-PetClinic/src/main/java/org/springframework/samples/petclinic/repository/jdbc/package-info.java]]
[parsing completed 0ms]
[parsing started RegularFileObject[/root/.jenkins/workspace/PL-PetClinic/src/main/java/org/springframework/samples/petclinic/model/Owner.java]]
[parsing completed 3ms]
[parsing started RegularFileObject[/root/.jenkins/workspace/PL-PetClinic/src/main/java/org/springframework/samples/petclinic/model/Visit.java]]
[parsing completed 1ms]
[parsing started RegularFileObject[/root/.jenkins/workspace/PL-PetClinic/src/main/java/org/springframework/samples/petclinic/model/package-info.java]]
[parsing completed 0ms]
[parsing started RegularFileObject[/root/.jenkins/workspace/PL-PetClinic/src/main/java/org/springframework/samples/petclinic/model/Pet.java]]
[parsing completed 2ms]
[parsing started RegularFileObject[/root/.jenkins/workspace/PL-PetClinic/src/main/java/org/springframework/samples/petclinic/model/Vet.java]]
[parsing completed 1ms]
[parsing started RegularFileObject[/root/.jenkins/workspace/PL-PetClinic/src/main/java/org/springframework/samples/petclinic/model/Vets.java]]
[parsing completed 0ms]
[parsing started RegularFileObject[/root/.jenkins/workspace/PL-PetClinic/src/main/java/org/springframework/samples/petclinic/util/EntityUtils.java]]
[parsing completed 27ms]
[parsing started RegularFileObject[/root/.jenkins/workspace/PL-PetClinic/src/main/java/org/springframework/samples/petclinic/repository/VisitRepository.java]]
[parsing completed 1ms]
[parsing started RegularFileObject[/root/.jenkins/workspace/PL-PetClinic/src/main/java/org/springframework/samples/petclinic/model/BaseEntity.java]]
[parsing completed 0ms]
[parsing started RegularFileObject[/root/.jenkins/workspace/PL-PetClinic/src/main/java/org/springframework/samples/petclinic/repository/springdatajpa/SpringDataOwnerRepository.java]]
[parsing completed 1ms]
[parsing started RegularFileObject[/root/.jenkins/workspace/PL-PetClinic/src/main/java/org/springframework/samples/petclinic/repository/springdatajpa/SpringDataPetRepository.java]]
[parsing completed 0ms]
[parsing started RegularFileObject[/root/.jenkins/workspace/PL-PetClinic/src/main/java/org/springframework/samples/petclinic/web/VetController.java]]
[parsing completed 1ms]
[parsing started RegularFileObject[/root/.jenkins/workspace/PL-PetClinic/src/main/java/org/springframework/samples/petclinic/web/VisitController.java]]
[parsing completed 1ms]
[parsing started RegularFileObject[/root/.jenkins/workspace/PL-PetClinic/src/main/java/org/springframework/samples/petclinic/repository/jdbc/JdbcPetVisitExtractor.java]]
[parsing completed 1ms]
[parsing started RegularFileObject[/root/.jenkins/workspace/PL-PetClinic/src/main/java/org/springframework/samples/petclinic/model/Person.java]]
[parsing completed 0ms]
[parsing started RegularFileObject[/root/.jenkins/workspace/PL-PetClinic/src/main/java/org/springframework/samples/petclinic/repository/jdbc/JdbcOwnerRepositoryImpl.java]]
[parsing completed 2ms]
[parsing started RegularFileObject[/root/.jenkins/workspace/PL-PetClinic/src/main/java/org/springframework/samples/petclinic/repository/jdbc/JdbcPet.java]]
[parsing completed 1ms]
[parsing started RegularFileObject[/root/.jenkins/workspace/PL-PetClinic/src/main/java/org/springframework/samples/petclinic/repository/jdbc/JdbcVisitRepositoryImpl.java]]
[parsing completed 1ms]
[parsing started RegularFileObject[/root/.jenkins/workspace/PL-PetClinic/src/main/java/org/springframework/samples/petclinic/repository/VetRepository.java]]
[parsing completed 0ms]
[parsing started RegularFileObject[/root/.jenkins/workspace/PL-PetClinic/src/main/java/org/springframework/samples/petclinic/repository/jpa/JpaPetRepositoryImpl.java]]
[parsing completed 1ms]
[parsing started RegularFileObject[/root/.jenkins/workspace/PL-PetClinic/src/main/java/org/springframework/samples/petclinic/repository/jdbc/JdbcPetRowMapper.java]]
[parsing completed 1ms]
[parsing started RegularFileObject[/root/.jenkins/workspace/PL-PetClinic/src/main/java/org/springframework/samples/petclinic/repository/jdbc/JdbcVetRepositoryImpl.java]]
[parsing completed 1ms]
[parsing started RegularFileObject[/root/.jenkins/workspace/PL-PetClinic/src/main/java/org/springframework/samples/petclinic/repository/springdatajpa/SpringDataVetRepository.java]]
[parsing completed 0ms]
[parsing started RegularFileObject[/root/.jenkins/workspace/PL-PetClinic/src/main/java/org/springframework/samples/petclinic/repository/jdbc/JdbcVisitRowMapper.java]]
[parsing completed 1ms]
[parsing started RegularFileObject[/root/.jenkins/workspace/PL-PetClinic/src/main/java/org/springframework/samples/petclinic/web/package-info.java]]
[parsing completed 0ms]
[parsing started RegularFileObject[/root/.jenkins/workspace/PL-PetClinic/src/main/java/org/springframework/samples/petclinic/repository/springdatajpa/SpringDataVisitRepository.java]]
[parsing completed 0ms]
[parsing started RegularFileObject[/root/.jenkins/workspace/PL-PetClinic/src/main/java/org/springframework/samples/petclinic/web/PetTypeFormatter.java]]
[parsing completed 1ms]
[parsing started RegularFileObject[/root/.jenkins/workspace/PL-PetClinic/src/main/java/org/springframework/samples/petclinic/web/OwnerController.java]]
[parsing completed 13ms]
[parsing started RegularFileObject[/root/.jenkins/workspace/PL-PetClinic/src/main/java/org/springframework/samples/petclinic/model/NamedEntity.java]]
[parsing completed 1ms]
[parsing started RegularFileObject[/root/.jenkins/workspace/PL-PetClinic/src/main/java/org/springframework/samples/petclinic/util/CallMonitoringAspect.java]]
[parsing completed 1ms]
[parsing started RegularFileObject[/root/.jenkins/workspace/PL-PetClinic/src/main/java/org/springframework/samples/petclinic/model/Specialty.java]]
[parsing completed 0ms]
[parsing started RegularFileObject[/root/.jenkins/workspace/PL-PetClinic/src/main/java/org/springframework/samples/petclinic/repository/OwnerRepository.java]]
[parsing completed 1ms]
[parsing started RegularFileObject[/root/.jenkins/workspace/PL-PetClinic/src/main/java/org/springframework/samples/petclinic/repository/jpa/JpaVetRepositoryImpl.java]]
[parsing completed 0ms]
[parsing started RegularFileObject[/root/.jenkins/workspace/PL-PetClinic/src/main/java/org/springframework/samples/petclinic/repository/jpa/JpaOwnerRepositoryImpl.java]]
[parsing completed 1ms]
[parsing started RegularFileObject[/root/.jenkins/workspace/PL-PetClinic/src/main/java/org/springframework/samples/petclinic/repository/jpa/JpaVisitRepositoryImpl.java]]
[parsing completed 1ms]
[parsing started RegularFileObject[/root/.jenkins/workspace/PL-PetClinic/src/main/java/org/springframework/samples/petclinic/repository/jpa/package-info.java]]
[parsing completed 0ms]
[parsing started RegularFileObject[/root/.jenkins/workspace/PL-PetClinic/src/main/java/org/springframework/samples/petclinic/web/CrashController.java]]
[parsing completed 0ms]
[parsing started RegularFileObject[/root/.jenkins/workspace/PL-PetClinic/src/main/java/org/springframework/samples/petclinic/service/ClinicService.java]]
[parsing completed 1ms]
[parsing started RegularFileObject[/root/.jenkins/workspace/PL-PetClinic/src/main/java/org/springframework/samples/petclinic/web/PetController.java]]
[parsing completed 13ms]
[search path for source files: /root/.jenkins/workspace/PL-PetClinic/src/main/java]
[search path for class files: /usr/lib/jvm/java-1.8.0-openjdk-1.8.0.212.b04-0.el7_6.x86_64/jre/lib/resources.jar,/usr/lib/jvm/java-1.8.0-openjdk-1.8.0.212.b04-0.el7_6.x86_64/jre/lib/rt.jar,/usr/lib/jvm/java-1.8.0-openjdk-1.8.0.212.b04-0.el7_6.x86_64/jre/lib/sunrsasign.jar,/usr/lib/jvm/java-1.8.0-openjdk-1.8.0.212.b04-0.el7_6.x86_64/jre/lib/jsse.jar,/usr/lib/jvm/java-1.8.0-openjdk-1.8.0.212.b04-0.el7_6.x86_64/jre/lib/jce.jar,/usr/lib/jvm/java-1.8.0-openjdk-1.8.0.212.b04-0.el7_6.x86_64/jre/lib/charsets.jar,/usr/lib/jvm/java-1.8.0-openjdk-1.8.0.212.b04-0.el7_6.x86_64/jre/lib/jfr.jar,/usr/lib/jvm/java-1.8.0-openjdk-1.8.0.212.b04-0.el7_6.x86_64/jre/classes,/usr/lib/jvm/java-1.8.0-openjdk-1.8.0.212.b04-0.el7_6.x86_64/jre/lib/ext/cldrdata.jar,/usr/lib/jvm/java-1.8.0-openjdk-1.8.0.212.b04-0.el7_6.x86_64/jre/lib/ext/dnsns.jar,/usr/lib/jvm/java-1.8.0-openjdk-1.8.0.212.b04-0.el7_6.x86_64/jre/lib/ext/jaccess.jar,/usr/lib/jvm/java-1.8.0-openjdk-1.8.0.212.b04-0.el7_6.x86_64/jre/lib/ext/localedata.jar,/usr/lib/jvm/java-1.8.0-openjdk-1.8.0.212.b04-0.el7_6.x86_64/jre/lib/ext/nashorn.jar,/usr/lib/jvm/java-1.8.0-openjdk-1.8.0.212.b04-0.el7_6.x86_64/jre/lib/ext/sunec.jar,/usr/lib/jvm/java-1.8.0-openjdk-1.8.0.212.b04-0.el7_6.x86_64/jre/lib/ext/sunjce_provider.jar,/usr/lib/jvm/java-1.8.0-openjdk-1.8.0.212.b04-0.el7_6.x86_64/jre/lib/ext/sunpkcs11.jar,/usr/lib/jvm/java-1.8.0-openjdk-1.8.0.212.b04-0.el7_6.x86_64/jre/lib/ext/zipfs.jar,/root/.jenkins/workspace/PL-PetClinic/target/classes,/root/.m2/repository/org/jadira/usertype/usertype.core/3.2.0.GA/usertype.core-3.2.0.GA.jar,/root/.m2/repository/org/jadira/usertype/usertype.spi/3.2.0.GA/usertype.spi-3.2.0.GA.jar,/root/.m2/repository/org/apache/tomcat/tomcat-servlet-api/7.0.59/tomcat-servlet-api-7.0.59.jar,/root/.m2/repository/javax/servlet/jsp/javax.servlet.jsp-api/2.2.1/javax.servlet.jsp-api-2.2.1.jar,/root/.m2/repository/org/apache/tomcat/tomcat-jasper-el/7.0.59/tomcat-jasper-el-7.0.59.jar,/root/.m2/repository/org/apache/tomcat/tomcat-el-api/7.0.59/tomcat-el-api-7.0.59.jar,/root/.m2/repository/javax/servlet/jsp/jstl/javax.servlet.jsp.jstl-api/1.2.1/javax.servlet.jsp.jstl-api-1.2.1.jar,/root/.m2/repository/org/apache/taglibs/taglibs-standard-jstlel/1.2.5/taglibs-standard-jstlel-1.2.5.jar,/root/.m2/repository/org/apache/taglibs/taglibs-standard-spec/1.2.5/taglibs-standard-spec-1.2.5.jar,/root/.m2/repository/org/apache/taglibs/taglibs-standard-impl/1.2.5/taglibs-standard-impl-1.2.5.jar,/root/.m2/repository/org/springframework/boot/spring-boot-starter/1.3.3.RELEASE/spring-boot-starter-1.3.3.RELEASE.jar,/root/.m2/repository/org/springframework/boot/spring-boot/1.3.3.RELEASE/spring-boot-1.3.3.RELEASE.jar,/root/.m2/repository/org/springframework/boot/spring-boot-autoconfigure/1.3.3.RELEASE/spring-boot-autoconfigure-1.3.3.RELEASE.jar,/root/.m2/repository/org/springframework/boot/spring-boot-starter-logging/1.3.3.RELEASE/spring-boot-starter-logging-1.3.3.RELEASE.jar,/root/.m2/repository/org/slf4j/jcl-over-slf4j/1.7.16/jcl-over-slf4j-1.7.16.jar,/root/.m2/repository/org/slf4j/jul-to-slf4j/1.7.16/jul-to-slf4j-1.7.16.jar,/root/.m2/repository/org/slf4j/log4j-over-slf4j/1.7.16/log4j-over-slf4j-1.7.16.jar,/root/.m2/repository/org/springframework/spring-core/4.2.5.RELEASE/spring-core-4.2.5.RELEASE.jar,/root/.m2/repository/org/springframework/boot/spring-boot-starter-data-jpa/1.3.3.RELEASE/spring-boot-starter-data-jpa-1.3.3.RELEASE.jar,/root/.m2/repository/org/springframework/boot/spring-boot-starter-aop/1.3.3.RELEASE/spring-boot-starter-aop-1.3.3.RELEASE.jar,/root/.m2/repository/org/springframework/spring-aop/4.2.5.RELEASE/spring-aop-4.2.5.RELEASE.jar,/root/.m2/repository/aopalliance/aopalliance/1.0/aopalliance-1.0.jar,/root/.m2/repository/org/springframework/boot/spring-boot-starter-jdbc/1.3.3.RELEASE/spring-boot-starter-jdbc-1.3.3.RELEASE.jar,/root/.m2/repository/javax/transaction/javax.transaction-api/1.2/javax.transaction-api-1.2.jar,/root/.m2/repository/org/springframework/data/spring-data-jpa/1.9.4.RELEASE/spring-data-jpa-1.9.4.RELEASE.jar,/root/.m2/repository/org/springframework/data/spring-data-commons/1.11.4.RELEASE/spring-data-commons-1.11.4.RELEASE.jar,/root/.m2/repository/org/springframework/spring-orm/4.2.5.RELEASE/spring-orm-4.2.5.RELEASE.jar,/root/.m2/repository/org/springframework/spring-aspects/4.2.5.RELEASE/spring-aspects-4.2.5.RELEASE.jar,/root/.m2/repository/org/springframework/data/spring-data-jdbc-core/1.1.0.RELEASE/spring-data-jdbc-core-1.1.0.RELEASE.jar,/root/.m2/repository/org/springframework/retry/spring-retry/1.1.2.RELEASE/spring-retry-1.1.2.RELEASE.jar,/root/.m2/repository/org/springframework/spring-jdbc/4.2.5.RELEASE/spring-jdbc-4.2.5.RELEASE.jar,/root/.m2/repository/org/springframework/spring-beans/4.2.5.RELEASE/spring-beans-4.2.5.RELEASE.jar,/root/.m2/repository/org/springframework/spring-tx/4.2.5.RELEASE/spring-tx-4.2.5.RELEASE.jar,/root/.m2/repository/org/springframework/spring-webmvc/4.2.5.RELEASE/spring-webmvc-4.2.5.RELEASE.jar,/root/.m2/repository/org/springframework/spring-context/4.2.5.RELEASE/spring-context-4.2.5.RELEASE.jar,/root/.m2/repository/org/springframework/spring-expression/4.2.5.RELEASE/spring-expression-4.2.5.RELEASE.jar,/root/.m2/repository/org/springframework/spring-web/4.2.5.RELEASE/spring-web-4.2.5.RELEASE.jar,/root/.m2/repository/org/springframework/spring-context-support/4.2.5.RELEASE/spring-context-support-4.2.5.RELEASE.jar,/root/.m2/repository/org/springframework/spring-oxm/4.2.5.RELEASE/spring-oxm-4.2.5.RELEASE.jar,/root/.m2/repository/org/aspectj/aspectjrt/1.8.8/aspectjrt-1.8.8.jar,/root/.m2/repository/org/slf4j/slf4j-api/1.7.16/slf4j-api-1.7.16.jar,/root/.m2/repository/joda-time/joda-time/2.8.2/joda-time-2.8.2.jar,/root/.m2/repository/joda-time/joda-time-hibernate/1.3/joda-time-hibernate-1.3.jar,/root/.m2/repository/joda-time/joda-time-jsptags/1.1.1/joda-time-jsptags-1.1.1.jar,/root/.m2/repository/org/hibernate/hibernate-entitymanager/4.3.11.Final/hibernate-entitymanager-4.3.11.Final.jar,/root/.m2/repository/org/jboss/logging/jboss-logging/3.3.0.Final/jboss-logging-3.3.0.Final.jar,/root/.m2/repository/org/jboss/logging/jboss-logging-annotations/1.2.0.Beta1/jboss-logging-annotations-1.2.0.Beta1.jar,/root/.m2/repository/org/hibernate/hibernate-core/4.3.11.Final/hibernate-core-4.3.11.Final.jar,/root/.m2/repository/antlr/antlr/2.7.7/antlr-2.7.7.jar,/root/.m2/repository/org/jboss/jandex/1.1.0.Final/jandex-1.1.0.Final.jar,/root/.m2/repository/dom4j/dom4j/1.6.1/dom4j-1.6.1.jar,/root/.m2/repository/xml-apis/xml-apis/1.0.b2/xml-apis-1.0.b2.jar,/root/.m2/repository/org/hibernate/common/hibernate-commons-annotations/4.0.5.Final/hibernate-commons-annotations-4.0.5.Final.jar,/root/.m2/repository/org/hibernate/javax/persistence/hibernate-jpa-2.1-api/1.0.0.Final/hibernate-jpa-2.1-api-1.0.0.Final.jar,/root/.m2/repository/org/jboss/spec/javax/transaction/jboss-transaction-api_1.2_spec/1.0.0.Final/jboss-transaction-api_1.2_spec-1.0.0.Final.jar,/root/.m2/repository/org/javassist/javassist/3.18.1-GA/javassist-3.18.1-GA.jar,/root/.m2/repository/org/hibernate/hibernate-validator/5.2.4.Final/hibernate-validator-5.2.4.Final.jar,/root/.m2/repository/javax/validation/validation-api/1.1.0.Final/validation-api-1.1.0.Final.jar,/root/.m2/repository/com/fasterxml/classmate/1.1.0/classmate-1.1.0.jar,/root/.m2/repository/org/hibernate/hibernate-ehcache/4.3.11.Final/hibernate-ehcache-4.3.11.Final.jar,/root/.m2/repository/net/sf/ehcache/ehcache-core/2.4.3/ehcache-core-2.4.3.jar,/root/.m2/repository/net/sf/ehcache/ehcache/2.10.1/ehcache-2.10.1.jar,/root/.m2/repository/com/github/dandelion/dandelion-jsp/1.1.1/dandelion-jsp-1.1.1.jar,/root/.m2/repository/com/github/dandelion/dandelion-core/1.1.1/dandelion-core-1.1.1.jar,/root/.m2/repository/commons-io/commons-io/2.4/commons-io-2.4.jar,/root/.m2/repository/com/fasterxml/jackson/core/jackson-core/2.6.5/jackson-core-2.6.5.jar,/root/.m2/repository/com/fasterxml/jackson/core/jackson-annotations/2.6.5/jackson-annotations-2.6.5.jar,/root/.m2/repository/com/fasterxml/jackson/core/jackson-databind/2.6.5/jackson-databind-2.6.5.jar,/root/.m2/repository/com/github/dandelion/datatables-jsp/1.1.0/datatables-jsp-1.1.0.jar,/root/.m2/repository/com/github/dandelion/datatables-core/1.1.0/datatables-core-1.1.0.jar,/root/.m2/repository/commons-beanutils/commons-beanutils/1.9.2/commons-beanutils-1.9.2.jar,/root/.m2/repository/commons-collections/commons-collections/3.2.2/commons-collections-3.2.2.jar,/root/.m2/repository/com/github/dandelion/datatables-export-itext/1.1.0/datatables-export-itext-1.1.0.jar,/root/.m2/repository/com/itextpdf/itextpdf/5.4.5/itextpdf-5.4.5.jar,/root/.m2/repository/com/googlecode/json-simple/json-simple/1.1.1/json-simple-1.1.1.jar,.]
[loading ZipFileIndexFileObject[/usr/lib/jvm/java-1.8.0-openjdk-1.8.0.212.b04-0.el7_6.x86_64/lib/ct.sym(META-INF/sym/rt.jar/java/util/Collection.class)]]
[loading ZipFileIndexFileObject[/root/.m2/repository/org/springframework/spring-beans/4.2.5.RELEASE/spring-beans-4.2.5.RELEASE.jar(org/springframework/beans/factory/annotation/Autowired.class)]]
[loading ZipFileIndexFileObject[/root/.m2/repository/org/springframework/spring-context/4.2.5.RELEASE/spring-context-4.2.5.RELEASE.jar(org/springframework/cache/annotation/Cacheable.class)]]
[loading ZipFileIndexFileObject[/root/.m2/repository/org/springframework/spring-tx/4.2.5.RELEASE/spring-tx-4.2.5.RELEASE.jar(org/springframework/dao/DataAccessException.class)]]
[loading ZipFileIndexFileObject[/root/.m2/repository/org/springframework/spring-context/4.2.5.RELEASE/spring-context-4.2.5.RELEASE.jar(org/springframework/stereotype/Service.class)]]
[loading ZipFileIndexFileObject[/root/.m2/repository/org/springframework/spring-tx/4.2.5.RELEASE/spring-tx-4.2.5.RELEASE.jar(org/springframework/transaction/annotation/Transactional.class)]]
[loading ZipFileIndexFileObject[/usr/lib/jvm/java-1.8.0-openjdk-1.8.0.212.b04-0.el7_6.x86_64/lib/ct.sym(META-INF/sym/rt.jar/java/lang/Object.class)]]
[loading ZipFileIndexFileObject[/usr/lib/jvm/java-1.8.0-openjdk-1.8.0.212.b04-0.el7_6.x86_64/lib/ct.sym(META-INF/sym/rt.jar/java/util/List.class)]]
[loading ZipFileIndexFileObject[/root/.m2/repository/org/hibernate/javax/persistence/hibernate-jpa-2.1-api/1.0.0.Final/hibernate-jpa-2.1-api-1.0.0.Final.jar(javax/persistence/Entity.class)]]
[loading ZipFileIndexFileObject[/root/.m2/repository/org/hibernate/javax/persistence/hibernate-jpa-2.1-api/1.0.0.Final/hibernate-jpa-2.1-api-1.0.0.Final.jar(javax/persistence/Table.class)]]
[loading ZipFileIndexFileObject[/root/.m2/repository/org/hibernate/javax/persistence/hibernate-jpa-2.1-api/1.0.0.Final/hibernate-jpa-2.1-api-1.0.0.Final.jar(javax/persistence/Column.class)]]
[loading ZipFileIndexFileObject[/root/.m2/repository/org/hibernate/javax/persistence/hibernate-jpa-2.1-api/1.0.0.Final/hibernate-jpa-2.1-api-1.0.0.Final.jar(javax/persistence/MappedSuperclass.class)]]
[loading ZipFileIndexFileObject[/root/.m2/repository/org/hibernate/javax/persistence/hibernate-jpa-2.1-api/1.0.0.Final/hibernate-jpa-2.1-api-1.0.0.Final.jar(javax/persistence/GeneratedValue.class)]]
[loading ZipFileIndexFileObject[/root/.m2/repository/org/hibernate/javax/persistence/hibernate-jpa-2.1-api/1.0.0.Final/hibernate-jpa-2.1-api-1.0.0.Final.jar(javax/persistence/GenerationType.class)]]
[loading ZipFileIndexFileObject[/root/.m2/repository/org/hibernate/javax/persistence/hibernate-jpa-2.1-api/1.0.0.Final/hibernate-jpa-2.1-api-1.0.0.Final.jar(javax/persistence/Id.class)]]
[loading ZipFileIndexFileObject[/usr/lib/jvm/java-1.8.0-openjdk-1.8.0.212.b04-0.el7_6.x86_64/lib/ct.sym(META-INF/sym/rt.jar/java/util/ArrayList.class)]]
[loading ZipFileIndexFileObject[/usr/lib/jvm/java-1.8.0-openjdk-1.8.0.212.b04-0.el7_6.x86_64/lib/ct.sym(META-INF/sym/rt.jar/java/util/Collections.class)]]
[loading ZipFileIndexFileObject[/usr/lib/jvm/java-1.8.0-openjdk-1.8.0.212.b04-0.el7_6.x86_64/lib/ct.sym(META-INF/sym/rt.jar/java/util/HashSet.class)]]
[loading ZipFileIndexFileObject[/usr/lib/jvm/java-1.8.0-openjdk-1.8.0.212.b04-0.el7_6.x86_64/lib/ct.sym(META-INF/sym/rt.jar/java/util/Set.class)]]
[loading ZipFileIndexFileObject[/root/.m2/repository/org/hibernate/javax/persistence/hibernate-jpa-2.1-api/1.0.0.Final/hibernate-jpa-2.1-api-1.0.0.Final.jar(javax/persistence/CascadeType.class)]]
[loading ZipFileIndexFileObject[/root/.m2/repository/org/hibernate/javax/persistence/hibernate-jpa-2.1-api/1.0.0.Final/hibernate-jpa-2.1-api-1.0.0.Final.jar(javax/persistence/OneToMany.class)]]
[loading ZipFileIndexFileObject[/root/.m2/repository/javax/validation/validation-api/1.1.0.Final/validation-api-1.1.0.Final.jar(javax/validation/constraints/Digits.class)]]
[loading ZipFileIndexFileObject[/root/.m2/repository/org/hibernate/hibernate-validator/5.2.4.Final/hibernate-validator-5.2.4.Final.jar(org/hibernate/validator/constraints/NotEmpty.class)]]
[loading ZipFileIndexFileObject[/root/.m2/repository/org/springframework/spring-beans/4.2.5.RELEASE/spring-beans-4.2.5.RELEASE.jar(org/springframework/beans/support/MutableSortDefinition.class)]]
[loading ZipFileIndexFileObject[/root/.m2/repository/org/springframework/spring-beans/4.2.5.RELEASE/spring-beans-4.2.5.RELEASE.jar(org/springframework/beans/support/PropertyComparator.class)]]
[loading ZipFileIndexFileObject[/root/.m2/repository/org/springframework/spring-core/4.2.5.RELEASE/spring-core-4.2.5.RELEASE.jar(org/springframework/core/style/ToStringCreator.class)]]
[loading ZipFileIndexFileObject[/usr/lib/jvm/java-1.8.0-openjdk-1.8.0.212.b04-0.el7_6.x86_64/lib/ct.sym(META-INF/sym/rt.jar/java/lang/String.class)]]
[loading ZipFileIndexFileObject[/root/.m2/repository/org/hibernate/javax/persistence/hibernate-jpa-2.1-api/1.0.0.Final/hibernate-jpa-2.1-api-1.0.0.Final.jar(javax/persistence/JoinColumn.class)]]
[loading ZipFileIndexFileObject[/root/.m2/repository/org/hibernate/javax/persistence/hibernate-jpa-2.1-api/1.0.0.Final/hibernate-jpa-2.1-api-1.0.0.Final.jar(javax/persistence/ManyToOne.class)]]
[loading ZipFileIndexFileObject[/root/.m2/repository/org/hibernate/hibernate-core/4.3.11.Final/hibernate-core-4.3.11.Final.jar(org/hibernate/annotations/Type.class)]]
[loading ZipFileIndexFileObject[/root/.m2/repository/joda-time/joda-time/2.8.2/joda-time-2.8.2.jar(org/joda/time/LocalDate.class)]]
[loading ZipFileIndexFileObject[/root/.m2/repository/org/springframework/spring-context/4.2.5.RELEASE/spring-context-4.2.5.RELEASE.jar(org/springframework/format/annotation/DateTimeFormat.class)]]
[loading ZipFileIndexFileObject[/root/.m2/repository/org/hibernate/javax/persistence/hibernate-jpa-2.1-api/1.0.0.Final/hibernate-jpa-2.1-api-1.0.0.Final.jar(javax/persistence/FetchType.class)]]
[loading ZipFileIndexFileObject[/root/.m2/repository/joda-time/joda-time/2.8.2/joda-time-2.8.2.jar(org/joda/time/DateTime.class)]]
[loading ZipFileIndexFileObject[/root/.m2/repository/org/hibernate/javax/persistence/hibernate-jpa-2.1-api/1.0.0.Final/hibernate-jpa-2.1-api-1.0.0.Final.jar(javax/persistence/JoinTable.class)]]
[loading ZipFileIndexFileObject[/root/.m2/repository/org/hibernate/javax/persistence/hibernate-jpa-2.1-api/1.0.0.Final/hibernate-jpa-2.1-api-1.0.0.Final.jar(javax/persistence/ManyToMany.class)]]
[loading ZipFileIndexFileObject[/usr/lib/jvm/java-1.8.0-openjdk-1.8.0.212.b04-0.el7_6.x86_64/lib/ct.sym(META-INF/sym/rt.jar/javax/xml/bind/annotation/XmlElement.class)]]
[loading ZipFileIndexFileObject[/usr/lib/jvm/java-1.8.0-openjdk-1.8.0.212.b04-0.el7_6.x86_64/lib/ct.sym(META-INF/sym/rt.jar/java/lang/Integer.class)]]
[loading ZipFileIndexFileObject[/root/.m2/repository/org/springframework/spring-core/4.2.5.RELEASE/spring-core-4.2.5.RELEASE.jar(org/springframework/util/StringUtils.class)]]
[loading ZipFileIndexFileObject[/root/.m2/repository/org/springframework/spring-context/4.2.5.RELEASE/spring-context-4.2.5.RELEASE.jar(org/springframework/validation/Errors.class)]]
[loading ZipFileIndexFileObject[/root/.m2/repository/org/springframework/spring-context/4.2.5.RELEASE/spring-context-4.2.5.RELEASE.jar(org/springframework/validation/Validator.class)]]
[loading ZipFileIndexFileObject[/usr/lib/jvm/java-1.8.0-openjdk-1.8.0.212.b04-0.el7_6.x86_64/lib/ct.sym(META-INF/sym/rt.jar/java/lang/Class.class)]]
[loading ZipFileIndexFileObject[/usr/lib/jvm/java-1.8.0-openjdk-1.8.0.212.b04-0.el7_6.x86_64/lib/ct.sym(META-INF/sym/rt.jar/java/util/HashMap.class)]]
[loading ZipFileIndexFileObject[/usr/lib/jvm/java-1.8.0-openjdk-1.8.0.212.b04-0.el7_6.x86_64/lib/ct.sym(META-INF/sym/rt.jar/java/util/Map.class)]]
[loading ZipFileIndexFileObject[/usr/lib/jvm/java-1.8.0-openjdk-1.8.0.212.b04-0.el7_6.x86_64/lib/ct.sym(META-INF/sym/rt.jar/javax/sql/DataSource.class)]]
[loading ZipFileIndexFileObject[/root/.m2/repository/org/springframework/spring-tx/4.2.5.RELEASE/spring-tx-4.2.5.RELEASE.jar(org/springframework/dao/EmptyResultDataAccessException.class)]]
[loading ZipFileIndexFileObject[/root/.m2/repository/org/springframework/spring-jdbc/4.2.5.RELEASE/spring-jdbc-4.2.5.RELEASE.jar(org/springframework/jdbc/core/BeanPropertyRowMapper.class)]]
[loading ZipFileIndexFileObject[/root/.m2/repository/org/springframework/spring-jdbc/4.2.5.RELEASE/spring-jdbc-4.2.5.RELEASE.jar(org/springframework/jdbc/core/namedparam/MapSqlParameterSource.class)]]
[loading ZipFileIndexFileObject[/root/.m2/repository/org/springframework/spring-jdbc/4.2.5.RELEASE/spring-jdbc-4.2.5.RELEASE.jar(org/springframework/jdbc/core/namedparam/NamedParameterJdbcTemplate.class)]]
[loading ZipFileIndexFileObject[/root/.m2/repository/org/springframework/spring-jdbc/4.2.5.RELEASE/spring-jdbc-4.2.5.RELEASE.jar(org/springframework/jdbc/core/simple/SimpleJdbcInsert.class)]]
[loading ZipFileIndexFileObject[/root/.m2/repository/org/springframework/spring-orm/4.2.5.RELEASE/spring-orm-4.2.5.RELEASE.jar(org/springframework/orm/ObjectRetrievalFailureException.class)]]
[loading ZipFileIndexFileObject[/root/.m2/repository/org/springframework/spring-context/4.2.5.RELEASE/spring-context-4.2.5.RELEASE.jar(org/springframework/stereotype/Repository.class)]]
[loading ZipFileIndexFileObject[/usr/lib/jvm/java-1.8.0-openjdk-1.8.0.212.b04-0.el7_6.x86_64/lib/ct.sym(META-INF/sym/rt.jar/javax/xml/bind/annotation/XmlRootElement.class)]]
[loading ZipFileIndexFileObject[/root/.m2/repository/org/springframework/data/spring-data-jpa/1.9.4.RELEASE/spring-data-jpa-1.9.4.RELEASE.jar(org/springframework/data/jpa/repository/Query.class)]]
[loading ZipFileIndexFileObject[/root/.m2/repository/org/springframework/data/spring-data-commons/1.11.4.RELEASE/spring-data-commons-1.11.4.RELEASE.jar(org/springframework/data/repository/Repository.class)]]
[loading ZipFileIndexFileObject[/root/.m2/repository/org/springframework/data/spring-data-commons/1.11.4.RELEASE/spring-data-commons-1.11.4.RELEASE.jar(org/springframework/data/repository/query/Param.class)]]
[loading ZipFileIndexFileObject[/root/.m2/repository/org/springframework/spring-context/4.2.5.RELEASE/spring-context-4.2.5.RELEASE.jar(org/springframework/stereotype/Controller.class)]]
[loading ZipFileIndexFileObject[/root/.m2/repository/org/springframework/spring-web/4.2.5.RELEASE/spring-web-4.2.5.RELEASE.jar(org/springframework/web/bind/annotation/RequestMapping.class)]]
[loading ZipFileIndexFileObject[/root/.m2/repository/org/springframework/spring-web/4.2.5.RELEASE/spring-web-4.2.5.RELEASE.jar(org/springframework/web/bind/annotation/ResponseBody.class)]]
[loading ZipFileIndexFileObject[/root/.m2/repository/javax/validation/validation-api/1.1.0.Final/validation-api-1.1.0.Final.jar(javax/validation/Valid.class)]]
[loading ZipFileIndexFileObject[/root/.m2/repository/org/springframework/spring-context/4.2.5.RELEASE/spring-context-4.2.5.RELEASE.jar(org/springframework/validation/BindingResult.class)]]
[loading ZipFileIndexFileObject[/root/.m2/repository/org/springframework/spring-web/4.2.5.RELEASE/spring-web-4.2.5.RELEASE.jar(org/springframework/web/bind/WebDataBinder.class)]]
[loading ZipFileIndexFileObject[/root/.m2/repository/org/springframework/spring-web/4.2.5.RELEASE/spring-web-4.2.5.RELEASE.jar(org/springframework/web/bind/annotation/InitBinder.class)]]
[loading ZipFileIndexFileObject[/root/.m2/repository/org/springframework/spring-web/4.2.5.RELEASE/spring-web-4.2.5.RELEASE.jar(org/springframework/web/bind/annotation/ModelAttribute.class)]]
[loading ZipFileIndexFileObject[/root/.m2/repository/org/springframework/spring-web/4.2.5.RELEASE/spring-web-4.2.5.RELEASE.jar(org/springframework/web/bind/annotation/PathVariable.class)]]
[loading ZipFileIndexFileObject[/root/.m2/repository/org/springframework/spring-web/4.2.5.RELEASE/spring-web-4.2.5.RELEASE.jar(org/springframework/web/bind/annotation/RequestMethod.class)]]
[loading ZipFileIndexFileObject[/root/.m2/repository/org/springframework/data/spring-data-jdbc-core/1.1.0.RELEASE/spring-data-jdbc-core-1.1.0.RELEASE.jar(org/springframework/data/jdbc/core/OneToManyResultSetExtractor.class)]]
[loading ZipFileIndexFileObject[/root/.m2/repository/org/springframework/spring-jdbc/4.2.5.RELEASE/spring-jdbc-4.2.5.RELEASE.jar(org/springframework/jdbc/core/ResultSetExtractor.class)]]
[loading ZipFileIndexFileObject[/usr/lib/jvm/java-1.8.0-openjdk-1.8.0.212.b04-0.el7_6.x86_64/lib/ct.sym(META-INF/sym/rt.jar/java/sql/ResultSet.class)]]
[loading ZipFileIndexFileObject[/usr/lib/jvm/java-1.8.0-openjdk-1.8.0.212.b04-0.el7_6.x86_64/lib/ct.sym(META-INF/sym/rt.jar/java/sql/SQLException.class)]]
[loading ZipFileIndexFileObject[/root/.m2/repository/org/springframework/spring-jdbc/4.2.5.RELEASE/spring-jdbc-4.2.5.RELEASE.jar(org/springframework/jdbc/core/namedparam/BeanPropertySqlParameterSource.class)]]
[loading ZipFileIndexFileObject[/root/.m2/repository/org/springframework/spring-jdbc/4.2.5.RELEASE/spring-jdbc-4.2.5.RELEASE.jar(org/springframework/jdbc/core/JdbcTemplate.class)]]
[loading ZipFileIndexFileObject[/root/.m2/repository/org/hibernate/javax/persistence/hibernate-jpa-2.1-api/1.0.0.Final/hibernate-jpa-2.1-api-1.0.0.Final.jar(javax/persistence/EntityManager.class)]]
[loading ZipFileIndexFileObject[/root/.m2/repository/org/hibernate/javax/persistence/hibernate-jpa-2.1-api/1.0.0.Final/hibernate-jpa-2.1-api-1.0.0.Final.jar(javax/persistence/PersistenceContext.class)]]
[loading ZipFileIndexFileObject[/usr/lib/jvm/java-1.8.0-openjdk-1.8.0.212.b04-0.el7_6.x86_64/lib/ct.sym(META-INF/sym/rt.jar/java/util/Date.class)]]
[loading ZipFileIndexFileObject[/root/.m2/repository/org/springframework/spring-jdbc/4.2.5.RELEASE/spring-jdbc-4.2.5.RELEASE.jar(org/springframework/jdbc/core/RowMapper.class)]]
[loading ZipFileIndexFileObject[/usr/lib/jvm/java-1.8.0-openjdk-1.8.0.212.b04-0.el7_6.x86_64/lib/ct.sym(META-INF/sym/rt.jar/java/text/ParseException.class)]]
[loading ZipFileIndexFileObject[/usr/lib/jvm/java-1.8.0-openjdk-1.8.0.212.b04-0.el7_6.x86_64/lib/ct.sym(META-INF/sym/rt.jar/java/util/Locale.class)]]
[loading ZipFileIndexFileObject[/root/.m2/repository/org/springframework/spring-context/4.2.5.RELEASE/spring-context-4.2.5.RELEASE.jar(org/springframework/format/Formatter.class)]]
[loading ZipFileIndexFileObject[/root/.m2/repository/org/springframework/spring-context/4.2.5.RELEASE/spring-context-4.2.5.RELEASE.jar(org/springframework/format/Printer.class)]]
[loading ZipFileIndexFileObject[/root/.m2/repository/org/springframework/spring-context/4.2.5.RELEASE/spring-context-4.2.5.RELEASE.jar(org/springframework/format/Parser.class)]]
[loading ZipFileIndexFileObject[/root/.m2/repository/org/springframework/spring-context/4.2.5.RELEASE/spring-context-4.2.5.RELEASE.jar(org/springframework/ui/Model.class)]]
[loading ZipFileIndexFileObject[/root/.m2/repository/org/springframework/spring-webmvc/4.2.5.RELEASE/spring-webmvc-4.2.5.RELEASE.jar(org/springframework/web/servlet/ModelAndView.class)]]
[loading ZipFileIndexFileObject[/root/.m2/repository/org/aspectj/aspectjrt/1.8.8/aspectjrt-1.8.8.jar(org/aspectj/lang/ProceedingJoinPoint.class)]]
[loading ZipFileIndexFileObject[/root/.m2/repository/org/aspectj/aspectjrt/1.8.8/aspectjrt-1.8.8.jar(org/aspectj/lang/annotation/Around.class)]]
[loading ZipFileIndexFileObject[/root/.m2/repository/org/aspectj/aspectjrt/1.8.8/aspectjrt-1.8.8.jar(org/aspectj/lang/annotation/Aspect.class)]]
[loading ZipFileIndexFileObject[/root/.m2/repository/org/springframework/spring-context/4.2.5.RELEASE/spring-context-4.2.5.RELEASE.jar(org/springframework/jmx/export/annotation/ManagedAttribute.class)]]
[loading ZipFileIndexFileObject[/root/.m2/repository/org/springframework/spring-context/4.2.5.RELEASE/spring-context-4.2.5.RELEASE.jar(org/springframework/jmx/export/annotation/ManagedOperation.class)]]
[loading ZipFileIndexFileObject[/root/.m2/repository/org/springframework/spring-context/4.2.5.RELEASE/spring-context-4.2.5.RELEASE.jar(org/springframework/jmx/export/annotation/ManagedResource.class)]]
[loading ZipFileIndexFileObject[/root/.m2/repository/org/springframework/spring-core/4.2.5.RELEASE/spring-core-4.2.5.RELEASE.jar(org/springframework/util/StopWatch.class)]]
[loading ZipFileIndexFileObject[/usr/lib/jvm/java-1.8.0-openjdk-1.8.0.212.b04-0.el7_6.x86_64/lib/ct.sym(META-INF/sym/rt.jar/java/lang/Throwable.class)]]
[loading ZipFileIndexFileObject[/root/.m2/repository/org/hibernate/javax/persistence/hibernate-jpa-2.1-api/1.0.0.Final/hibernate-jpa-2.1-api-1.0.0.Final.jar(javax/persistence/Query.class)]]
[loading ZipFileIndexFileObject[/root/.m2/repository/org/springframework/spring-orm/4.2.5.RELEASE/spring-orm-4.2.5.RELEASE.jar(org/springframework/orm/hibernate3/support/OpenSessionInViewFilter.class)]]
[loading ZipFileIndexFileObject[/root/.m2/repository/org/springframework/spring-context/4.2.5.RELEASE/spring-context-4.2.5.RELEASE.jar(org/springframework/ui/ModelMap.class)]]
[loading ZipFileIndexFileObject[/usr/lib/jvm/java-1.8.0-openjdk-1.8.0.212.b04-0.el7_6.x86_64/lib/ct.sym(META-INF/sym/rt.jar/java/lang/annotation/Target.class)]]
[loading ZipFileIndexFileObject[/usr/lib/jvm/java-1.8.0-openjdk-1.8.0.212.b04-0.el7_6.x86_64/lib/ct.sym(META-INF/sym/rt.jar/java/lang/annotation/ElementType.class)]]
[loading ZipFileIndexFileObject[/usr/lib/jvm/java-1.8.0-openjdk-1.8.0.212.b04-0.el7_6.x86_64/lib/ct.sym(META-INF/sym/rt.jar/java/lang/annotation/Retention.class)]]
[loading ZipFileIndexFileObject[/usr/lib/jvm/java-1.8.0-openjdk-1.8.0.212.b04-0.el7_6.x86_64/lib/ct.sym(META-INF/sym/rt.jar/java/lang/annotation/RetentionPolicy.class)]]
[loading ZipFileIndexFileObject[/root/.m2/repository/org/springframework/spring-core/4.2.5.RELEASE/spring-core-4.2.5.RELEASE.jar(org/springframework/core/annotation/AliasFor.class)]]
[loading ZipFileIndexFileObject[/root/.m2/repository/org/springframework/spring-tx/4.2.5.RELEASE/spring-tx-4.2.5.RELEASE.jar(org/springframework/transaction/annotation/Propagation.class)]]
[loading ZipFileIndexFileObject[/root/.m2/repository/org/springframework/spring-tx/4.2.5.RELEASE/spring-tx-4.2.5.RELEASE.jar(org/springframework/transaction/annotation/Isolation.class)]]
[loading ZipFileIndexFileObject[/usr/lib/jvm/java-1.8.0-openjdk-1.8.0.212.b04-0.el7_6.x86_64/lib/ct.sym(META-INF/sym/rt.jar/java/lang/annotation/Annotation.class)]]
[loading ZipFileIndexFileObject[/usr/lib/jvm/java-1.8.0-openjdk-1.8.0.212.b04-0.el7_6.x86_64/lib/ct.sym(META-INF/sym/rt.jar/java/lang/Override.class)]]
[loading ZipFileIndexFileObject[/root/.m2/repository/javax/validation/validation-api/1.1.0.Final/validation-api-1.1.0.Final.jar(javax/validation/Constraint.class)]]
[loading ZipFileIndexFileObject[/root/.m2/repository/javax/validation/validation-api/1.1.0.Final/validation-api-1.1.0.Final.jar(javax/validation/constraints/Size.class)]]
[loading ZipFileIndexFileObject[/root/.m2/repository/org/springframework/spring-context/4.2.5.RELEASE/spring-context-4.2.5.RELEASE.jar(org/springframework/format/annotation/DateTimeFormat$ISO.class)]]
[loading ZipFileIndexFileObject[/root/.m2/repository/org/hibernate/javax/persistence/hibernate-jpa-2.1-api/1.0.0.Final/hibernate-jpa-2.1-api-1.0.0.Final.jar(javax/persistence/ForeignKey.class)]]
[loading ZipFileIndexFileObject[/root/.m2/repository/org/hibernate/javax/persistence/hibernate-jpa-2.1-api/1.0.0.Final/hibernate-jpa-2.1-api-1.0.0.Final.jar(javax/persistence/ConstraintMode.class)]]
[loading ZipFileIndexFileObject[/root/.m2/repository/org/hibernate/javax/persistence/hibernate-jpa-2.1-api/1.0.0.Final/hibernate-jpa-2.1-api-1.0.0.Final.jar(javax/persistence/PersistenceContextType.class)]]
[loading ZipFileIndexFileObject[/root/.m2/repository/org/hibernate/javax/persistence/hibernate-jpa-2.1-api/1.0.0.Final/hibernate-jpa-2.1-api-1.0.0.Final.jar(javax/persistence/SynchronizationType.class)]]
[loading ZipFileIndexFileObject[/usr/lib/jvm/java-1.8.0-openjdk-1.8.0.212.b04-0.el7_6.x86_64/lib/ct.sym(META-INF/sym/rt.jar/java/lang/SuppressWarnings.class)]]
[checking org.springframework.samples.petclinic.service.ClinicServiceImpl]
[loading ZipFileIndexFileObject[/usr/lib/jvm/java-1.8.0-openjdk-1.8.0.212.b04-0.el7_6.x86_64/lib/ct.sym(META-INF/sym/rt.jar/java/io/Serializable.class)]]
[loading ZipFileIndexFileObject[/usr/lib/jvm/java-1.8.0-openjdk-1.8.0.212.b04-0.el7_6.x86_64/lib/ct.sym(META-INF/sym/rt.jar/java/lang/Error.class)]]
[loading ZipFileIndexFileObject[/root/.m2/repository/org/springframework/spring-core/4.2.5.RELEASE/spring-core-4.2.5.RELEASE.jar(org/springframework/core/NestedRuntimeException.class)]]
[loading ZipFileIndexFileObject[/usr/lib/jvm/java-1.8.0-openjdk-1.8.0.212.b04-0.el7_6.x86_64/lib/ct.sym(META-INF/sym/rt.jar/java/lang/RuntimeException.class)]]
[loading ZipFileIndexFileObject[/usr/lib/jvm/java-1.8.0-openjdk-1.8.0.212.b04-0.el7_6.x86_64/lib/ct.sym(META-INF/sym/rt.jar/java/lang/Exception.class)]]
[loading ZipFileIndexFileObject[/usr/lib/jvm/java-1.8.0-openjdk-1.8.0.212.b04-0.el7_6.x86_64/lib/ct.sym(META-INF/sym/rt.jar/java/lang/AutoCloseable.class)]]
[wrote RegularFileObject[/root/.jenkins/workspace/PL-PetClinic/target/classes/org/springframework/samples/petclinic/service/ClinicServiceImpl.class]]
[checking org.springframework.samples.petclinic.service.ClinicService]
[wrote RegularFileObject[/root/.jenkins/workspace/PL-PetClinic/target/classes/org/springframework/samples/petclinic/service/ClinicService.class]]
[checking org.springframework.samples.petclinic.repository.PetRepository]
[wrote RegularFileObject[/root/.jenkins/workspace/PL-PetClinic/target/classes/org/springframework/samples/petclinic/repository/PetRepository.class]]
[checking org.springframework.samples.petclinic.repository.VetRepository]
[wrote RegularFileObject[/root/.jenkins/workspace/PL-PetClinic/target/classes/org/springframework/samples/petclinic/repository/VetRepository.class]]
[checking org.springframework.samples.petclinic.repository.OwnerRepository]
[wrote RegularFileObject[/root/.jenkins/workspace/PL-PetClinic/target/classes/org/springframework/samples/petclinic/repository/OwnerRepository.class]]
[checking org.springframework.samples.petclinic.repository.VisitRepository]
[wrote RegularFileObject[/root/.jenkins/workspace/PL-PetClinic/target/classes/org/springframework/samples/petclinic/repository/VisitRepository.class]]
[checking org.springframework.samples.petclinic.model.PetType]
[loading ZipFileIndexFileObject[/usr/lib/jvm/java-1.8.0-openjdk-1.8.0.212.b04-0.el7_6.x86_64/lib/ct.sym(META-INF/sym/rt.jar/java/lang/Number.class)]]
[checking org.springframework.samples.petclinic.model.NamedEntity]
[checking org.springframework.samples.petclinic.model.BaseEntity]
[wrote RegularFileObject[/root/.jenkins/workspace/PL-PetClinic/target/classes/org/springframework/samples/petclinic/model/PetType.class]]
[wrote RegularFileObject[/root/.jenkins/workspace/PL-PetClinic/target/classes/org/springframework/samples/petclinic/model/NamedEntity.class]]
[wrote RegularFileObject[/root/.jenkins/workspace/PL-PetClinic/target/classes/org/springframework/samples/petclinic/model/BaseEntity.class]]
[checking org.springframework.samples.petclinic.model.Owner]
[loading ZipFileIndexFileObject[/usr/lib/jvm/java-1.8.0-openjdk-1.8.0.212.b04-0.el7_6.x86_64/lib/ct.sym(META-INF/sym/rt.jar/java/util/AbstractSet.class)]]
[loading ZipFileIndexFileObject[/usr/lib/jvm/java-1.8.0-openjdk-1.8.0.212.b04-0.el7_6.x86_64/lib/ct.sym(META-INF/sym/rt.jar/java/util/AbstractCollection.class)]]
[loading ZipFileIndexFileObject[/usr/lib/jvm/java-1.8.0-openjdk-1.8.0.212.b04-0.el7_6.x86_64/lib/ct.sym(META-INF/sym/rt.jar/java/lang/Iterable.class)]]
[loading ZipFileIndexFileObject[/usr/lib/jvm/java-1.8.0-openjdk-1.8.0.212.b04-0.el7_6.x86_64/lib/ct.sym(META-INF/sym/rt.jar/java/util/AbstractList.class)]]
[loading ZipFileIndexFileObject[/root/.m2/repository/org/springframework/spring-beans/4.2.5.RELEASE/spring-beans-4.2.5.RELEASE.jar(org/springframework/beans/support/SortDefinition.class)]]
[loading ZipFileIndexFileObject[/usr/lib/jvm/java-1.8.0-openjdk-1.8.0.212.b04-0.el7_6.x86_64/lib/ct.sym(META-INF/sym/rt.jar/java/util/Comparator.class)]]
[loading ZipFileIndexFileObject[/usr/lib/jvm/java-1.8.0-openjdk-1.8.0.212.b04-0.el7_6.x86_64/lib/ct.sym(META-INF/sym/rt.jar/java/lang/Comparable.class)]]
[loading ZipFileIndexFileObject[/usr/lib/jvm/java-1.8.0-openjdk-1.8.0.212.b04-0.el7_6.x86_64/lib/ct.sym(META-INF/sym/rt.jar/java/lang/CharSequence.class)]]
[loading ZipFileIndexFileObject[/root/.m2/repository/org/springframework/spring-beans/4.2.5.RELEASE/spring-beans-4.2.5.RELEASE.jar(org/springframework/beans/BeansException.class)]]
[checking org.springframework.samples.petclinic.model.Person]
[loading ZipFileIndexFileObject[/usr/lib/jvm/java-1.8.0-openjdk-1.8.0.212.b04-0.el7_6.x86_64/lib/ct.sym(META-INF/sym/rt.jar/java/util/Iterator.class)]]
[wrote RegularFileObject[/root/.jenkins/workspace/PL-PetClinic/target/classes/org/springframework/samples/petclinic/model/Owner.class]]
[wrote RegularFileObject[/root/.jenkins/workspace/PL-PetClinic/target/classes/org/springframework/samples/petclinic/model/Person.class]]
[checking org.springframework.samples.petclinic.model.Visit]
[wrote RegularFileObject[/root/.jenkins/workspace/PL-PetClinic/target/classes/org/springframework/samples/petclinic/model/Visit.class]]
[checking org.springframework.samples.petclinic.model.Pet]
[wrote RegularFileObject[/root/.jenkins/workspace/PL-PetClinic/target/classes/org/springframework/samples/petclinic/model/Pet.class]]
[checking org.springframework.samples.petclinic.model.Vet]
[wrote RegularFileObject[/root/.jenkins/workspace/PL-PetClinic/target/classes/org/springframework/samples/petclinic/model/Vet.class]]
[checking org.springframework.samples.petclinic.model.Specialty]
[wrote RegularFileObject[/root/.jenkins/workspace/PL-PetClinic/target/classes/org/springframework/samples/petclinic/model/Specialty.class]]
[checking org.springframework.samples.petclinic.web.PetValidator]
[loading ZipFileIndexFileObject[/root/.m2/repository/joda-time/joda-time/2.8.2/joda-time-2.8.2.jar(org/joda/time/base/BaseLocal.class)]]
[loading ZipFileIndexFileObject[/root/.m2/repository/joda-time/joda-time/2.8.2/joda-time-2.8.2.jar(org/joda/time/base/AbstractPartial.class)]]
[loading ZipFileIndexFileObject[/usr/lib/jvm/java-1.8.0-openjdk-1.8.0.212.b04-0.el7_6.x86_64/lib/ct.sym(META-INF/sym/rt.jar/java/lang/reflect/GenericDeclaration.class)]]
[loading ZipFileIndexFileObject[/usr/lib/jvm/java-1.8.0-openjdk-1.8.0.212.b04-0.el7_6.x86_64/lib/ct.sym(META-INF/sym/rt.jar/java/lang/reflect/AnnotatedElement.class)]]
[loading ZipFileIndexFileObject[/usr/lib/jvm/java-1.8.0-openjdk-1.8.0.212.b04-0.el7_6.x86_64/lib/ct.sym(META-INF/sym/rt.jar/java/lang/reflect/Type.class)]]
[wrote RegularFileObject[/root/.jenkins/workspace/PL-PetClinic/target/classes/org/springframework/samples/petclinic/web/PetValidator.class]]
[checking org.springframework.samples.petclinic.repository.jdbc.JdbcPetRepositoryImpl]
[loading ZipFileIndexFileObject[/root/.m2/repository/org/springframework/spring-jdbc/4.2.5.RELEASE/spring-jdbc-4.2.5.RELEASE.jar(org/springframework/jdbc/core/JdbcOperations.class)]]
[loading ZipFileIndexFileObject[/usr/lib/jvm/java-1.8.0-openjdk-1.8.0.212.b04-0.el7_6.x86_64/lib/ct.sym(META-INF/sym/rt.jar/javax/sql/CommonDataSource.class)]]
[loading ZipFileIndexFileObject[/usr/lib/jvm/java-1.8.0-openjdk-1.8.0.212.b04-0.el7_6.x86_64/lib/ct.sym(META-INF/sym/rt.jar/java/sql/Wrapper.class)]]
[loading ZipFileIndexFileObject[/root/.m2/repository/org/springframework/spring-jdbc/4.2.5.RELEASE/spring-jdbc-4.2.5.RELEASE.jar(org/springframework/jdbc/core/simple/SimpleJdbcInsertOperations.class)]]
[loading ZipFileIndexFileObject[/root/.m2/repository/org/springframework/spring-jdbc/4.2.5.RELEASE/spring-jdbc-4.2.5.RELEASE.jar(org/springframework/jdbc/core/simple/AbstractJdbcInsert.class)]]
[loading ZipFileIndexFileObject[/usr/lib/jvm/java-1.8.0-openjdk-1.8.0.212.b04-0.el7_6.x86_64/lib/ct.sym(META-INF/sym/rt.jar/java/util/AbstractMap.class)]]
[loading ZipFileIndexFileObject[/root/.m2/repository/org/springframework/spring-jdbc/4.2.5.RELEASE/spring-jdbc-4.2.5.RELEASE.jar(org/springframework/jdbc/core/namedparam/NamedParameterJdbcOperations.class)]]
[loading ZipFileIndexFileObject[/root/.m2/repository/org/springframework/spring-jdbc/4.2.5.RELEASE/spring-jdbc-4.2.5.RELEASE.jar(org/springframework/jdbc/core/namedparam/SqlParameterSource.class)]]
[loading ZipFileIndexFileObject[/root/.m2/repository/org/springframework/spring-jdbc/4.2.5.RELEASE/spring-jdbc-4.2.5.RELEASE.jar(org/springframework/jdbc/core/RowCallbackHandler.class)]]
[loading ZipFileIndexFileObject[/root/.m2/repository/org/springframework/spring-tx/4.2.5.RELEASE/spring-tx-4.2.5.RELEASE.jar(org/springframework/dao/IncorrectResultSizeDataAccessException.class)]]
[loading ZipFileIndexFileObject[/root/.m2/repository/org/springframework/spring-tx/4.2.5.RELEASE/spring-tx-4.2.5.RELEASE.jar(org/springframework/dao/DataRetrievalFailureException.class)]]
[loading ZipFileIndexFileObject[/root/.m2/repository/org/springframework/spring-tx/4.2.5.RELEASE/spring-tx-4.2.5.RELEASE.jar(org/springframework/dao/NonTransientDataAccessException.class)]]
[loading ZipFileIndexFileObject[/root/.m2/repository/org/springframework/spring-jdbc/4.2.5.RELEASE/spring-jdbc-4.2.5.RELEASE.jar(org/springframework/jdbc/core/namedparam/AbstractSqlParameterSource.class)]]
[loading ZipFileIndexFileObject[/root/.m2/repository/joda-time/joda-time/2.8.2/joda-time-2.8.2.jar(org/joda/time/ReadablePartial.class)]]
[loading ZipFileIndexFileObject[/usr/lib/jvm/java-1.8.0-openjdk-1.8.0.212.b04-0.el7_6.x86_64/lib/ct.sym(META-INF/sym/rt.jar/java/lang/Byte.class)]]
[loading ZipFileIndexFileObject[/usr/lib/jvm/java-1.8.0-openjdk-1.8.0.212.b04-0.el7_6.x86_64/lib/ct.sym(META-INF/sym/rt.jar/java/lang/Character.class)]]
[loading ZipFileIndexFileObject[/usr/lib/jvm/java-1.8.0-openjdk-1.8.0.212.b04-0.el7_6.x86_64/lib/ct.sym(META-INF/sym/rt.jar/java/lang/Short.class)]]
[loading ZipFileIndexFileObject[/usr/lib/jvm/java-1.8.0-openjdk-1.8.0.212.b04-0.el7_6.x86_64/lib/ct.sym(META-INF/sym/rt.jar/java/lang/Long.class)]]
[loading ZipFileIndexFileObject[/usr/lib/jvm/java-1.8.0-openjdk-1.8.0.212.b04-0.el7_6.x86_64/lib/ct.sym(META-INF/sym/rt.jar/java/lang/Float.class)]]
[loading ZipFileIndexFileObject[/usr/lib/jvm/java-1.8.0-openjdk-1.8.0.212.b04-0.el7_6.x86_64/lib/ct.sym(META-INF/sym/rt.jar/java/lang/Double.class)]]
[loading ZipFileIndexFileObject[/usr/lib/jvm/java-1.8.0-openjdk-1.8.0.212.b04-0.el7_6.x86_64/lib/ct.sym(META-INF/sym/rt.jar/java/lang/Boolean.class)]]
[loading ZipFileIndexFileObject[/usr/lib/jvm/java-1.8.0-openjdk-1.8.0.212.b04-0.el7_6.x86_64/lib/ct.sym(META-INF/sym/rt.jar/java/lang/Void.class)]]
[wrote RegularFileObject[/root/.jenkins/workspace/PL-PetClinic/target/classes/org/springframework/samples/petclinic/repository/jdbc/JdbcPetRepositoryImpl.class]]
[checking org.springframework.samples.petclinic.model.Vets]
[wrote RegularFileObject[/root/.jenkins/workspace/PL-PetClinic/target/classes/org/springframework/samples/petclinic/model/Vets.class]]
[checking org.springframework.samples.petclinic.util.EntityUtils]
[wrote RegularFileObject[/root/.jenkins/workspace/PL-PetClinic/target/classes/org/springframework/samples/petclinic/util/EntityUtils.class]]
[checking org.springframework.samples.petclinic.repository.springdatajpa.SpringDataOwnerRepository]
[wrote RegularFileObject[/root/.jenkins/workspace/PL-PetClinic/target/classes/org/springframework/samples/petclinic/repository/springdatajpa/SpringDataOwnerRepository.class]]
[checking org.springframework.samples.petclinic.repository.springdatajpa.SpringDataPetRepository]
[wrote RegularFileObject[/root/.jenkins/workspace/PL-PetClinic/target/classes/org/springframework/samples/petclinic/repository/springdatajpa/SpringDataPetRepository.class]]
[checking org.springframework.samples.petclinic.web.VetController]
[wrote RegularFileObject[/root/.jenkins/workspace/PL-PetClinic/target/classes/org/springframework/samples/petclinic/web/VetController.class]]
[checking org.springframework.samples.petclinic.web.VisitController]
[loading ZipFileIndexFileObject[/root/.m2/repository/org/springframework/spring-context/4.2.5.RELEASE/spring-context-4.2.5.RELEASE.jar(org/springframework/validation/DataBinder.class)]]
[loading ZipFileIndexFileObject[/root/.m2/repository/org/springframework/spring-beans/4.2.5.RELEASE/spring-beans-4.2.5.RELEASE.jar(org/springframework/beans/PropertyEditorRegistry.class)]]
[loading ZipFileIndexFileObject[/root/.m2/repository/org/springframework/spring-beans/4.2.5.RELEASE/spring-beans-4.2.5.RELEASE.jar(org/springframework/beans/TypeConverter.class)]]
[wrote RegularFileObject[/root/.jenkins/workspace/PL-PetClinic/target/classes/org/springframework/samples/petclinic/web/VisitController.class]]
[checking org.springframework.samples.petclinic.repository.jdbc.JdbcPetVisitExtractor]
[wrote RegularFileObject[/root/.jenkins/workspace/PL-PetClinic/target/classes/org/springframework/samples/petclinic/repository/jdbc/JdbcPetVisitExtractor.class]]
[checking org.springframework.samples.petclinic.repository.jdbc.JdbcPet]
[wrote RegularFileObject[/root/.jenkins/workspace/PL-PetClinic/target/classes/org/springframework/samples/petclinic/repository/jdbc/JdbcPet.class]]
[checking org.springframework.samples.petclinic.repository.jdbc.JdbcOwnerRepositoryImpl]
[loading ZipFileIndexFileObject[/usr/lib/jvm/java-1.8.0-openjdk-1.8.0.212.b04-0.el7_6.x86_64/lib/ct.sym(META-INF/sym/rt.jar/java/lang/Cloneable.class)]]
[loading ZipFileIndexFileObject[/usr/lib/jvm/java-1.8.0-openjdk-1.8.0.212.b04-0.el7_6.x86_64/lib/ct.sym(META-INF/sym/rt.jar/java/lang/StringBuilder.class)]]
[loading ZipFileIndexFileObject[/usr/lib/jvm/java-1.8.0-openjdk-1.8.0.212.b04-0.el7_6.x86_64/lib/ct.sym(META-INF/sym/rt.jar/java/lang/AbstractStringBuilder.class)]]
[loading ZipFileIndexFileObject[/usr/lib/jvm/java-1.8.0-openjdk-1.8.0.212.b04-0.el7_6.x86_64/lib/ct.sym(META-INF/sym/rt.jar/java/lang/Appendable.class)]]
[loading ZipFileIndexFileObject[/usr/lib/jvm/java-1.8.0-openjdk-1.8.0.212.b04-0.el7_6.x86_64/lib/ct.sym(META-INF/sym/rt.jar/java/lang/StringBuffer.class)]]
[wrote RegularFileObject[/root/.jenkins/workspace/PL-PetClinic/target/classes/org/springframework/samples/petclinic/repository/jdbc/JdbcOwnerRepositoryImpl.class]]
[checking org.springframework.samples.petclinic.repository.jdbc.JdbcVisitRepositoryImpl]
[loading ZipFileIndexFileObject[/usr/lib/jvm/java-1.8.0-openjdk-1.8.0.212.b04-0.el7_6.x86_64/lib/ct.sym(META-INF/sym/rt.jar/java/lang/UnsupportedOperationException.class)]]
[loading ZipFileIndexFileObject[/root/.m2/repository/org/springframework/spring-jdbc/4.2.5.RELEASE/spring-jdbc-4.2.5.RELEASE.jar(org/springframework/jdbc/core/PreparedStatementSetter.class)]]
[loading ZipFileIndexFileObject[/root/.m2/repository/org/springframework/spring-jdbc/4.2.5.RELEASE/spring-jdbc-4.2.5.RELEASE.jar(org/springframework/jdbc/core/PreparedStatementCreator.class)]]
[loading ZipFileIndexFileObject[/root/.m2/repository/org/springframework/spring-jdbc/4.2.5.RELEASE/spring-jdbc-4.2.5.RELEASE.jar(org/springframework/jdbc/support/JdbcAccessor.class)]]
[loading ZipFileIndexFileObject[/root/.m2/repository/org/springframework/spring-beans/4.2.5.RELEASE/spring-beans-4.2.5.RELEASE.jar(org/springframework/beans/factory/InitializingBean.class)]]
[wrote RegularFileObject[/root/.jenkins/workspace/PL-PetClinic/target/classes/org/springframework/samples/petclinic/repository/jdbc/JdbcVisitRepositoryImpl.class]]
[checking org.springframework.samples.petclinic.repository.jpa.JpaPetRepositoryImpl]
[loading ZipFileIndexFileObject[/root/.m2/repository/org/hibernate/javax/persistence/hibernate-jpa-2.1-api/1.0.0.Final/hibernate-jpa-2.1-api-1.0.0.Final.jar(javax/persistence/TypedQuery.class)]]
[loading ZipFileIndexFileObject[/root/.m2/repository/org/hibernate/javax/persistence/hibernate-jpa-2.1-api/1.0.0.Final/hibernate-jpa-2.1-api-1.0.0.Final.jar(javax/persistence/criteria/CriteriaDelete.class)]]
[loading ZipFileIndexFileObject[/root/.m2/repository/org/hibernate/javax/persistence/hibernate-jpa-2.1-api/1.0.0.Final/hibernate-jpa-2.1-api-1.0.0.Final.jar(javax/persistence/criteria/CriteriaUpdate.class)]]
[loading ZipFileIndexFileObject[/root/.m2/repository/org/hibernate/javax/persistence/hibernate-jpa-2.1-api/1.0.0.Final/hibernate-jpa-2.1-api-1.0.0.Final.jar(javax/persistence/criteria/CriteriaQuery.class)]]
[wrote RegularFileObject[/root/.jenkins/workspace/PL-PetClinic/target/classes/org/springframework/samples/petclinic/repository/jpa/JpaPetRepositoryImpl.class]]
[checking org.springframework.samples.petclinic.repository.jdbc.JdbcPetRowMapper]
[loading ZipFileIndexFileObject[/usr/lib/jvm/java-1.8.0-openjdk-1.8.0.212.b04-0.el7_6.x86_64/lib/ct.sym(META-INF/sym/rt.jar/java/sql/Date.class)]]
[loading ZipFileIndexFileObject[/root/.m2/repository/joda-time/joda-time/2.8.2/joda-time-2.8.2.jar(org/joda/time/Chronology.class)]]
[loading ZipFileIndexFileObject[/root/.m2/repository/joda-time/joda-time/2.8.2/joda-time-2.8.2.jar(org/joda/time/DateTimeZone.class)]]
[wrote RegularFileObject[/root/.jenkins/workspace/PL-PetClinic/target/classes/org/springframework/samples/petclinic/repository/jdbc/JdbcPetRowMapper.class]]
[checking org.springframework.samples.petclinic.repository.jdbc.JdbcVetRepositoryImpl]
[wrote RegularFileObject[/root/.jenkins/workspace/PL-PetClinic/target/classes/org/springframework/samples/petclinic/repository/jdbc/JdbcVetRepositoryImpl$1.class]]
[wrote RegularFileObject[/root/.jenkins/workspace/PL-PetClinic/target/classes/org/springframework/samples/petclinic/repository/jdbc/JdbcVetRepositoryImpl.class]]
[checking org.springframework.samples.petclinic.repository.springdatajpa.SpringDataVetRepository]
[wrote RegularFileObject[/root/.jenkins/workspace/PL-PetClinic/target/classes/org/springframework/samples/petclinic/repository/springdatajpa/SpringDataVetRepository.class]]
[checking org.springframework.samples.petclinic.repository.jdbc.JdbcVisitRowMapper]
[wrote RegularFileObject[/root/.jenkins/workspace/PL-PetClinic/target/classes/org/springframework/samples/petclinic/repository/jdbc/JdbcVisitRowMapper.class]]
[checking org.springframework.samples.petclinic.repository.springdatajpa.SpringDataVisitRepository]
[wrote RegularFileObject[/root/.jenkins/workspace/PL-PetClinic/target/classes/org/springframework/samples/petclinic/repository/springdatajpa/SpringDataVisitRepository.class]]
[checking org.springframework.samples.petclinic.web.PetTypeFormatter]
[wrote RegularFileObject[/root/.jenkins/workspace/PL-PetClinic/target/classes/org/springframework/samples/petclinic/web/PetTypeFormatter.class]]
[checking org.springframework.samples.petclinic.web.OwnerController]
[loading ZipFileIndexFileObject[/root/.m2/repository/org/springframework/spring-webmvc/4.2.5.RELEASE/spring-webmvc-4.2.5.RELEASE.jar(org/springframework/web/servlet/View.class)]]
[wrote RegularFileObject[/root/.jenkins/workspace/PL-PetClinic/target/classes/org/springframework/samples/petclinic/web/OwnerController.class]]
[checking org.springframework.samples.petclinic.util.CallMonitoringAspect]
[loading ZipFileIndexFileObject[/root/.m2/repository/org/aspectj/aspectjrt/1.8.8/aspectjrt-1.8.8.jar(org/aspectj/lang/JoinPoint.class)]]
[loading ZipFileIndexFileObject[/usr/lib/jvm/java-1.8.0-openjdk-1.8.0.212.b04-0.el7_6.x86_64/lib/ct.sym(META-INF/sym/rt.jar/java/lang/IllegalStateException.class)]]
[wrote RegularFileObject[/root/.jenkins/workspace/PL-PetClinic/target/classes/org/springframework/samples/petclinic/util/CallMonitoringAspect.class]]
[checking org.springframework.samples.petclinic.repository.jpa.JpaVetRepositoryImpl]
[wrote RegularFileObject[/root/.jenkins/workspace/PL-PetClinic/target/classes/org/springframework/samples/petclinic/repository/jpa/JpaVetRepositoryImpl.class]]
[checking org.springframework.samples.petclinic.repository.jpa.JpaOwnerRepositoryImpl]
[loading ZipFileIndexFileObject[/root/.m2/repository/org/hibernate/javax/persistence/hibernate-jpa-2.1-api/1.0.0.Final/hibernate-jpa-2.1-api-1.0.0.Final.jar(javax/persistence/Parameter.class)]]
[wrote RegularFileObject[/root/.jenkins/workspace/PL-PetClinic/target/classes/org/springframework/samples/petclinic/repository/jpa/JpaOwnerRepositoryImpl.class]]
[checking org.springframework.samples.petclinic.repository.jpa.JpaVisitRepositoryImpl]
[wrote RegularFileObject[/root/.jenkins/workspace/PL-PetClinic/target/classes/org/springframework/samples/petclinic/repository/jpa/JpaVisitRepositoryImpl.class]]
[checking org.springframework.samples.petclinic.web.CrashController]
[wrote RegularFileObject[/root/.jenkins/workspace/PL-PetClinic/target/classes/org/springframework/samples/petclinic/web/CrashController.class]]
[checking org.springframework.samples.petclinic.web.PetController]
[loading ZipFileIndexFileObject[/usr/lib/jvm/java-1.8.0-openjdk-1.8.0.212.b04-0.el7_6.x86_64/lib/ct.sym(META-INF/sym/rt.jar/java/util/LinkedHashMap.class)]]
[wrote RegularFileObject[/root/.jenkins/workspace/PL-PetClinic/target/classes/org/springframework/samples/petclinic/web/PetController.class]]
[total 1498ms]
[WARNING] bootstrap class path not set in conjunction with -source 1.7
[INFO] 
[INFO] --- maven-resources-plugin:2.6:testResources (default-testResources) @ spring-petclinic ---
[INFO] Using 'UTF-8' encoding to copy filtered resources.
[INFO] Copying 11 resources
[INFO] skip non existing resourceDirectory /root/.jenkins/workspace/PL-PetClinic/src/test/resources
[INFO] 
[INFO] --- maven-compiler-plugin:3.0:testCompile (default-testCompile) @ spring-petclinic ---
[INFO] Changes detected - recompiling the module!
[INFO] Compiling 11 source files to /root/.jenkins/workspace/PL-PetClinic/target/test-classes
[parsing started RegularFileObject[/root/.jenkins/workspace/PL-PetClinic/src/test/java/org/springframework/samples/petclinic/model/ValidatorTests.java]]
[parsing completed 1ms]
[parsing started RegularFileObject[/root/.jenkins/workspace/PL-PetClinic/src/test/java/org/springframework/samples/petclinic/service/ClinicServiceJpaTests.java]]
[parsing completed 0ms]
[parsing started RegularFileObject[/root/.jenkins/workspace/PL-PetClinic/src/test/java/org/springframework/samples/petclinic/service/ClinicServiceJdbcTests.java]]
[parsing completed 0ms]
[parsing started RegularFileObject[/root/.jenkins/workspace/PL-PetClinic/src/test/java/org/springframework/samples/petclinic/service/ClinicServiceSpringDataJpaTests.java]]
[parsing completed 0ms]
[parsing started RegularFileObject[/root/.jenkins/workspace/PL-PetClinic/src/test/java/org/springframework/samples/petclinic/web/OwnerControllerTests.java]]
[parsing completed 2ms]
[parsing started RegularFileObject[/root/.jenkins/workspace/PL-PetClinic/src/test/java/org/springframework/samples/petclinic/web/PetTypeFormatterTests.java]]
[parsing completed 0ms]
[parsing started RegularFileObject[/root/.jenkins/workspace/PL-PetClinic/src/test/java/org/springframework/samples/petclinic/service/AbstractClinicServiceTests.java]]
[parsing completed 2ms]
[parsing started RegularFileObject[/root/.jenkins/workspace/PL-PetClinic/src/test/java/org/springframework/samples/petclinic/web/VisitControllerTests.java]]
[parsing completed 0ms]
[parsing started RegularFileObject[/root/.jenkins/workspace/PL-PetClinic/src/test/java/org/springframework/samples/petclinic/web/CrashControllerTests.java]]
[parsing completed 1ms]
[parsing started RegularFileObject[/root/.jenkins/workspace/PL-PetClinic/src/test/java/org/springframework/samples/petclinic/web/PetControllerTests.java]]
[parsing completed 1ms]
[parsing started RegularFileObject[/root/.jenkins/workspace/PL-PetClinic/src/test/java/org/springframework/samples/petclinic/web/VetControllerTests.java]]
[parsing completed 0ms]
[search path for source files: /root/.jenkins/workspace/PL-PetClinic/src/test/java]
[search path for class files: /usr/lib/jvm/java-1.8.0-openjdk-1.8.0.212.b04-0.el7_6.x86_64/jre/lib/resources.jar,/usr/lib/jvm/java-1.8.0-openjdk-1.8.0.212.b04-0.el7_6.x86_64/jre/lib/rt.jar,/usr/lib/jvm/java-1.8.0-openjdk-1.8.0.212.b04-0.el7_6.x86_64/jre/lib/sunrsasign.jar,/usr/lib/jvm/java-1.8.0-openjdk-1.8.0.212.b04-0.el7_6.x86_64/jre/lib/jsse.jar,/usr/lib/jvm/java-1.8.0-openjdk-1.8.0.212.b04-0.el7_6.x86_64/jre/lib/jce.jar,/usr/lib/jvm/java-1.8.0-openjdk-1.8.0.212.b04-0.el7_6.x86_64/jre/lib/charsets.jar,/usr/lib/jvm/java-1.8.0-openjdk-1.8.0.212.b04-0.el7_6.x86_64/jre/lib/jfr.jar,/usr/lib/jvm/java-1.8.0-openjdk-1.8.0.212.b04-0.el7_6.x86_64/jre/classes,/usr/lib/jvm/java-1.8.0-openjdk-1.8.0.212.b04-0.el7_6.x86_64/jre/lib/ext/cldrdata.jar,/usr/lib/jvm/java-1.8.0-openjdk-1.8.0.212.b04-0.el7_6.x86_64/jre/lib/ext/dnsns.jar,/usr/lib/jvm/java-1.8.0-openjdk-1.8.0.212.b04-0.el7_6.x86_64/jre/lib/ext/jaccess.jar,/usr/lib/jvm/java-1.8.0-openjdk-1.8.0.212.b04-0.el7_6.x86_64/jre/lib/ext/localedata.jar,/usr/lib/jvm/java-1.8.0-openjdk-1.8.0.212.b04-0.el7_6.x86_64/jre/lib/ext/nashorn.jar,/usr/lib/jvm/java-1.8.0-openjdk-1.8.0.212.b04-0.el7_6.x86_64/jre/lib/ext/sunec.jar,/usr/lib/jvm/java-1.8.0-openjdk-1.8.0.212.b04-0.el7_6.x86_64/jre/lib/ext/sunjce_provider.jar,/usr/lib/jvm/java-1.8.0-openjdk-1.8.0.212.b04-0.el7_6.x86_64/jre/lib/ext/sunpkcs11.jar,/usr/lib/jvm/java-1.8.0-openjdk-1.8.0.212.b04-0.el7_6.x86_64/jre/lib/ext/zipfs.jar,/root/.jenkins/workspace/PL-PetClinic/target/test-classes,/root/.jenkins/workspace/PL-PetClinic/target/classes,/root/.m2/repository/org/jadira/usertype/usertype.core/3.2.0.GA/usertype.core-3.2.0.GA.jar,/root/.m2/repository/org/jadira/usertype/usertype.spi/3.2.0.GA/usertype.spi-3.2.0.GA.jar,/root/.m2/repository/org/apache/tomcat/tomcat-servlet-api/7.0.59/tomcat-servlet-api-7.0.59.jar,/root/.m2/repository/javax/servlet/jsp/javax.servlet.jsp-api/2.2.1/javax.servlet.jsp-api-2.2.1.jar,/root/.m2/repository/org/apache/tomcat/tomcat-jasper-el/7.0.59/tomcat-jasper-el-7.0.59.jar,/root/.m2/repository/org/apache/tomcat/tomcat-el-api/7.0.59/tomcat-el-api-7.0.59.jar,/root/.m2/repository/javax/servlet/jsp/jstl/javax.servlet.jsp.jstl-api/1.2.1/javax.servlet.jsp.jstl-api-1.2.1.jar,/root/.m2/repository/org/apache/taglibs/taglibs-standard-jstlel/1.2.5/taglibs-standard-jstlel-1.2.5.jar,/root/.m2/repository/org/apache/taglibs/taglibs-standard-spec/1.2.5/taglibs-standard-spec-1.2.5.jar,/root/.m2/repository/org/apache/taglibs/taglibs-standard-impl/1.2.5/taglibs-standard-impl-1.2.5.jar,/root/.m2/repository/com/jayway/jsonpath/json-path/2.0.0/json-path-2.0.0.jar,/root/.m2/repository/net/minidev/json-smart/2.1.1/json-smart-2.1.1.jar,/root/.m2/repository/net/minidev/asm/1.0.2/asm-1.0.2.jar,/root/.m2/repository/asm/asm/3.3.1/asm-3.3.1.jar,/root/.m2/repository/org/springframework/boot/spring-boot-starter/1.3.3.RELEASE/spring-boot-starter-1.3.3.RELEASE.jar,/root/.m2/repository/org/springframework/boot/spring-boot/1.3.3.RELEASE/spring-boot-1.3.3.RELEASE.jar,/root/.m2/repository/org/springframework/boot/spring-boot-autoconfigure/1.3.3.RELEASE/spring-boot-autoconfigure-1.3.3.RELEASE.jar,/root/.m2/repository/org/springframework/boot/spring-boot-starter-logging/1.3.3.RELEASE/spring-boot-starter-logging-1.3.3.RELEASE.jar,/root/.m2/repository/org/slf4j/jcl-over-slf4j/1.7.16/jcl-over-slf4j-1.7.16.jar,/root/.m2/repository/org/slf4j/jul-to-slf4j/1.7.16/jul-to-slf4j-1.7.16.jar,/root/.m2/repository/org/slf4j/log4j-over-slf4j/1.7.16/log4j-over-slf4j-1.7.16.jar,/root/.m2/repository/org/springframework/spring-core/4.2.5.RELEASE/spring-core-4.2.5.RELEASE.jar,/root/.m2/repository/org/yaml/snakeyaml/1.16/snakeyaml-1.16.jar,/root/.m2/repository/org/springframework/boot/spring-boot-starter-data-jpa/1.3.3.RELEASE/spring-boot-starter-data-jpa-1.3.3.RELEASE.jar,/root/.m2/repository/org/springframework/boot/spring-boot-starter-aop/1.3.3.RELEASE/spring-boot-starter-aop-1.3.3.RELEASE.jar,/root/.m2/repository/org/springframework/spring-aop/4.2.5.RELEASE/spring-aop-4.2.5.RELEASE.jar,/root/.m2/repository/aopalliance/aopalliance/1.0/aopalliance-1.0.jar,/root/.m2/repository/org/springframework/boot/spring-boot-starter-jdbc/1.3.3.RELEASE/spring-boot-starter-jdbc-1.3.3.RELEASE.jar,/root/.m2/repository/javax/transaction/javax.transaction-api/1.2/javax.transaction-api-1.2.jar,/root/.m2/repository/org/springframework/data/spring-data-jpa/1.9.4.RELEASE/spring-data-jpa-1.9.4.RELEASE.jar,/root/.m2/repository/org/springframework/data/spring-data-commons/1.11.4.RELEASE/spring-data-commons-1.11.4.RELEASE.jar,/root/.m2/repository/org/springframework/spring-orm/4.2.5.RELEASE/spring-orm-4.2.5.RELEASE.jar,/root/.m2/repository/org/springframework/spring-aspects/4.2.5.RELEASE/spring-aspects-4.2.5.RELEASE.jar,/root/.m2/repository/org/springframework/data/spring-data-jdbc-core/1.1.0.RELEASE/spring-data-jdbc-core-1.1.0.RELEASE.jar,/root/.m2/repository/org/springframework/retry/spring-retry/1.1.2.RELEASE/spring-retry-1.1.2.RELEASE.jar,/root/.m2/repository/org/springframework/spring-jdbc/4.2.5.RELEASE/spring-jdbc-4.2.5.RELEASE.jar,/root/.m2/repository/org/springframework/spring-beans/4.2.5.RELEASE/spring-beans-4.2.5.RELEASE.jar,/root/.m2/repository/org/springframework/spring-tx/4.2.5.RELEASE/spring-tx-4.2.5.RELEASE.jar,/root/.m2/repository/org/springframework/spring-webmvc/4.2.5.RELEASE/spring-webmvc-4.2.5.RELEASE.jar,/root/.m2/repository/org/springframework/spring-context/4.2.5.RELEASE/spring-context-4.2.5.RELEASE.jar,/root/.m2/repository/org/springframework/spring-expression/4.2.5.RELEASE/spring-expression-4.2.5.RELEASE.jar,/root/.m2/repository/org/springframework/spring-web/4.2.5.RELEASE/spring-web-4.2.5.RELEASE.jar,/root/.m2/repository/org/springframework/spring-context-support/4.2.5.RELEASE/spring-context-support-4.2.5.RELEASE.jar,/root/.m2/repository/org/springframework/spring-oxm/4.2.5.RELEASE/spring-oxm-4.2.5.RELEASE.jar,/root/.m2/repository/org/aspectj/aspectjrt/1.8.8/aspectjrt-1.8.8.jar,/root/.m2/repository/org/aspectj/aspectjweaver/1.8.8/aspectjweaver-1.8.8.jar,/root/.m2/repository/org/apache/tomcat/tomcat-jdbc/8.0.32/tomcat-jdbc-8.0.32.jar,/root/.m2/repository/org/apache/tomcat/tomcat-juli/8.0.32/tomcat-juli-8.0.32.jar,/root/.m2/repository/org/slf4j/slf4j-api/1.7.16/slf4j-api-1.7.16.jar,/root/.m2/repository/ch/qos/logback/logback-classic/1.1.5/logback-classic-1.1.5.jar,/root/.m2/repository/ch/qos/logback/logback-core/1.1.5/logback-core-1.1.5.jar,/root/.m2/repository/joda-time/joda-time/2.8.2/joda-time-2.8.2.jar,/root/.m2/repository/joda-time/joda-time-hibernate/1.3/joda-time-hibernate-1.3.jar,/root/.m2/repository/joda-time/joda-time-jsptags/1.1.1/joda-time-jsptags-1.1.1.jar,/root/.m2/repository/org/hsqldb/hsqldb/2.3.3/hsqldb-2.3.3.jar,/root/.m2/repository/org/hibernate/hibernate-entitymanager/4.3.11.Final/hibernate-entitymanager-4.3.11.Final.jar,/root/.m2/repository/org/jboss/logging/jboss-logging/3.3.0.Final/jboss-logging-3.3.0.Final.jar,/root/.m2/repository/org/jboss/logging/jboss-logging-annotations/1.2.0.Beta1/jboss-logging-annotations-1.2.0.Beta1.jar,/root/.m2/repository/org/hibernate/hibernate-core/4.3.11.Final/hibernate-core-4.3.11.Final.jar,/root/.m2/repository/antlr/antlr/2.7.7/antlr-2.7.7.jar,/root/.m2/repository/org/jboss/jandex/1.1.0.Final/jandex-1.1.0.Final.jar,/root/.m2/repository/dom4j/dom4j/1.6.1/dom4j-1.6.1.jar,/root/.m2/repository/xml-apis/xml-apis/1.0.b2/xml-apis-1.0.b2.jar,/root/.m2/repository/org/hibernate/common/hibernate-commons-annotations/4.0.5.Final/hibernate-commons-annotations-4.0.5.Final.jar,/root/.m2/repository/org/hibernate/javax/persistence/hibernate-jpa-2.1-api/1.0.0.Final/hibernate-jpa-2.1-api-1.0.0.Final.jar,/root/.m2/repository/org/jboss/spec/javax/transaction/jboss-transaction-api_1.2_spec/1.0.0.Final/jboss-transaction-api_1.2_spec-1.0.0.Final.jar,/root/.m2/repository/org/javassist/javassist/3.18.1-GA/javassist-3.18.1-GA.jar,/root/.m2/repository/org/hibernate/hibernate-validator/5.2.4.Final/hibernate-validator-5.2.4.Final.jar,/root/.m2/repository/javax/validation/validation-api/1.1.0.Final/validation-api-1.1.0.Final.jar,/root/.m2/repository/com/fasterxml/classmate/1.1.0/classmate-1.1.0.jar,/root/.m2/repository/org/hibernate/hibernate-ehcache/4.3.11.Final/hibernate-ehcache-4.3.11.Final.jar,/root/.m2/repository/net/sf/ehcache/ehcache-core/2.4.3/ehcache-core-2.4.3.jar,/root/.m2/repository/net/sf/ehcache/ehcache/2.10.1/ehcache-2.10.1.jar,/root/.m2/repository/org/springframework/spring-test/4.2.5.RELEASE/spring-test-4.2.5.RELEASE.jar,/root/.m2/repository/junit/junit/4.12/junit-4.12.jar,/root/.m2/repository/org/hamcrest/hamcrest-core/1.3/hamcrest-core-1.3.jar,/root/.m2/repository/org/assertj/assertj-core/2.2.0/assertj-core-2.2.0.jar,/root/.m2/repository/org/mockito/mockito-core/1.10.19/mockito-core-1.10.19.jar,/root/.m2/repository/org/objenesis/objenesis/2.1/objenesis-2.1.jar,/root/.m2/repository/org/hamcrest/hamcrest-all/1.3/hamcrest-all-1.3.jar,/root/.m2/repository/com/github/dandelion/dandelion-jsp/1.1.1/dandelion-jsp-1.1.1.jar,/root/.m2/repository/com/github/dandelion/dandelion-core/1.1.1/dandelion-core-1.1.1.jar,/root/.m2/repository/commons-io/commons-io/2.4/commons-io-2.4.jar,/root/.m2/repository/com/fasterxml/jackson/core/jackson-core/2.6.5/jackson-core-2.6.5.jar,/root/.m2/repository/com/fasterxml/jackson/core/jackson-annotations/2.6.5/jackson-annotations-2.6.5.jar,/root/.m2/repository/com/fasterxml/jackson/core/jackson-databind/2.6.5/jackson-databind-2.6.5.jar,/root/.m2/repository/com/github/dandelion/datatables-jsp/1.1.0/datatables-jsp-1.1.0.jar,/root/.m2/repository/com/github/dandelion/datatables-core/1.1.0/datatables-core-1.1.0.jar,/root/.m2/repository/commons-beanutils/commons-beanutils/1.9.2/commons-beanutils-1.9.2.jar,/root/.m2/repository/commons-collections/commons-collections/3.2.2/commons-collections-3.2.2.jar,/root/.m2/repository/com/github/dandelion/datatables-export-itext/1.1.0/datatables-export-itext-1.1.0.jar,/root/.m2/repository/com/itextpdf/itextpdf/5.4.5/itextpdf-5.4.5.jar,/root/.m2/repository/com/googlecode/json-simple/json-simple/1.1.1/json-simple-1.1.1.jar,.]
[loading ZipFileIndexFileObject[/root/.m2/repository/org/assertj/assertj-core/2.2.0/assertj-core-2.2.0.jar(org/assertj/core/api/Assertions.class)]]
[loading ZipFileIndexFileObject[/usr/lib/jvm/java-1.8.0-openjdk-1.8.0.212.b04-0.el7_6.x86_64/lib/ct.sym(META-INF/sym/rt.jar/java/lang/Object.class)]]
[loading ZipFileIndexFileObject[/usr/lib/jvm/java-1.8.0-openjdk-1.8.0.212.b04-0.el7_6.x86_64/lib/ct.sym(META-INF/sym/rt.jar/java/util/Locale.class)]]
[loading ZipFileIndexFileObject[/usr/lib/jvm/java-1.8.0-openjdk-1.8.0.212.b04-0.el7_6.x86_64/lib/ct.sym(META-INF/sym/rt.jar/java/util/Set.class)]]
[loading ZipFileIndexFileObject[/root/.m2/repository/javax/validation/validation-api/1.1.0.Final/validation-api-1.1.0.Final.jar(javax/validation/ConstraintViolation.class)]]
[loading ZipFileIndexFileObject[/root/.m2/repository/javax/validation/validation-api/1.1.0.Final/validation-api-1.1.0.Final.jar(javax/validation/Validator.class)]]
[loading ZipFileIndexFileObject[/root/.m2/repository/junit/junit/4.12/junit-4.12.jar(org/junit/Test.class)]]
[loading ZipFileIndexFileObject[/root/.m2/repository/org/springframework/spring-context/4.2.5.RELEASE/spring-context-4.2.5.RELEASE.jar(org/springframework/context/i18n/LocaleContextHolder.class)]]
[loading ZipFileIndexFileObject[/root/.m2/repository/org/springframework/spring-context/4.2.5.RELEASE/spring-context-4.2.5.RELEASE.jar(org/springframework/validation/beanvalidation/LocalValidatorFactoryBean.class)]]
[loading ZipFileIndexFileObject[/root/.m2/repository/junit/junit/4.12/junit-4.12.jar(org/junit/runner/RunWith.class)]]
[loading ZipFileIndexFileObject[/root/.m2/repository/org/springframework/spring-test/4.2.5.RELEASE/spring-test-4.2.5.RELEASE.jar(org/springframework/test/context/ActiveProfiles.class)]]
[loading ZipFileIndexFileObject[/root/.m2/repository/org/springframework/spring-test/4.2.5.RELEASE/spring-test-4.2.5.RELEASE.jar(org/springframework/test/context/ContextConfiguration.class)]]
[loading ZipFileIndexFileObject[/root/.m2/repository/org/springframework/spring-test/4.2.5.RELEASE/spring-test-4.2.5.RELEASE.jar(org/springframework/test/context/junit4/SpringJUnit4ClassRunner.class)]]
[loading ZipFileIndexFileObject[/usr/lib/jvm/java-1.8.0-openjdk-1.8.0.212.b04-0.el7_6.x86_64/lib/ct.sym(META-INF/sym/rt.jar/java/util/Collection.class)]]
[loading ZipFileIndexFileObject[/root/.m2/repository/joda-time/joda-time/2.8.2/joda-time-2.8.2.jar(org/joda/time/DateTime.class)]]
[loading ZipFileIndexFileObject[/root/.m2/repository/joda-time/joda-time/2.8.2/joda-time-2.8.2.jar(org/joda/time/LocalDate.class)]]
[loading ZipFileIndexFileObject[/root/.m2/repository/org/springframework/spring-beans/4.2.5.RELEASE/spring-beans-4.2.5.RELEASE.jar(org/springframework/beans/factory/annotation/Autowired.class)]]
[loading RegularFileObject[/root/.jenkins/workspace/PL-PetClinic/target/classes/org/springframework/samples/petclinic/model/Owner.class]]
[loading RegularFileObject[/root/.jenkins/workspace/PL-PetClinic/target/classes/org/springframework/samples/petclinic/model/Pet.class]]
[loading RegularFileObject[/root/.jenkins/workspace/PL-PetClinic/target/classes/org/springframework/samples/petclinic/model/PetType.class]]
[loading RegularFileObject[/root/.jenkins/workspace/PL-PetClinic/target/classes/org/springframework/samples/petclinic/model/Vet.class]]
[loading RegularFileObject[/root/.jenkins/workspace/PL-PetClinic/target/classes/org/springframework/samples/petclinic/model/Visit.class]]
[loading RegularFileObject[/root/.jenkins/workspace/PL-PetClinic/target/classes/org/springframework/samples/petclinic/util/EntityUtils.class]]
[loading ZipFileIndexFileObject[/root/.m2/repository/org/springframework/spring-tx/4.2.5.RELEASE/spring-tx-4.2.5.RELEASE.jar(org/springframework/transaction/annotation/Transactional.class)]]
[loading RegularFileObject[/root/.jenkins/workspace/PL-PetClinic/target/classes/org/springframework/samples/petclinic/service/ClinicService.class]]
[loading ZipFileIndexFileObject[/usr/lib/jvm/java-1.8.0-openjdk-1.8.0.212.b04-0.el7_6.x86_64/lib/ct.sym(META-INF/sym/rt.jar/java/lang/Exception.class)]]
[loading ZipFileIndexFileObject[/root/.m2/repository/junit/junit/4.12/junit-4.12.jar(org/junit/Before.class)]]
[loading ZipFileIndexFileObject[/root/.m2/repository/org/springframework/spring-test/4.2.5.RELEASE/spring-test-4.2.5.RELEASE.jar(org/springframework/test/context/web/WebAppConfiguration.class)]]
[loading ZipFileIndexFileObject[/root/.m2/repository/org/springframework/spring-test/4.2.5.RELEASE/spring-test-4.2.5.RELEASE.jar(org/springframework/test/web/servlet/MockMvc.class)]]
[loading ZipFileIndexFileObject[/root/.m2/repository/org/springframework/spring-test/4.2.5.RELEASE/spring-test-4.2.5.RELEASE.jar(org/springframework/test/web/servlet/setup/MockMvcBuilders.class)]]
[loading ZipFileIndexFileObject[/root/.m2/repository/org/hamcrest/hamcrest-all/1.3/hamcrest-all-1.3.jar(org/hamcrest/Matchers.class)]]
[loading ZipFileIndexFileObject[/root/.m2/repository/org/springframework/spring-test/4.2.5.RELEASE/spring-test-4.2.5.RELEASE.jar(org/springframework/test/web/servlet/request/MockMvcRequestBuilders.class)]]
[loading ZipFileIndexFileObject[/root/.m2/repository/org/springframework/spring-test/4.2.5.RELEASE/spring-test-4.2.5.RELEASE.jar(org/springframework/test/web/servlet/result/MockMvcResultMatchers.class)]]
[loading RegularFileObject[/root/.jenkins/workspace/PL-PetClinic/target/classes/org/springframework/samples/petclinic/web/OwnerController.class]]
[loading ZipFileIndexFileObject[/root/.m2/repository/org/mockito/mockito-core/1.10.19/mockito-core-1.10.19.jar(org/mockito/Mock.class)]]
[loading ZipFileIndexFileObject[/root/.m2/repository/org/mockito/mockito-core/1.10.19/mockito-core-1.10.19.jar(org/mockito/Mockito.class)]]
[loading ZipFileIndexFileObject[/root/.m2/repository/org/mockito/mockito-core/1.10.19/mockito-core-1.10.19.jar(org/mockito/runners/MockitoJUnitRunner.class)]]
[loading ZipFileIndexFileObject[/usr/lib/jvm/java-1.8.0-openjdk-1.8.0.212.b04-0.el7_6.x86_64/lib/ct.sym(META-INF/sym/rt.jar/java/text/ParseException.class)]]
[loading ZipFileIndexFileObject[/root/.m2/repository/junit/junit/4.12/junit-4.12.jar(org/junit/Assert.class)]]
[loading RegularFileObject[/root/.jenkins/workspace/PL-PetClinic/target/classes/org/springframework/samples/petclinic/web/PetTypeFormatter.class]]
[loading RegularFileObject[/root/.jenkins/workspace/PL-PetClinic/target/classes/org/springframework/samples/petclinic/web/VisitController.class]]
[loading ZipFileIndexFileObject[/root/.m2/repository/org/springframework/spring-webmvc/4.2.5.RELEASE/spring-webmvc-4.2.5.RELEASE.jar(org/springframework/web/servlet/handler/SimpleMappingExceptionResolver.class)]]
[loading RegularFileObject[/root/.jenkins/workspace/PL-PetClinic/target/classes/org/springframework/samples/petclinic/web/CrashController.class]]
[loading ZipFileIndexFileObject[/root/.m2/repository/org/springframework/spring-context/4.2.5.RELEASE/spring-context-4.2.5.RELEASE.jar(org/springframework/format/support/FormattingConversionServiceFactoryBean.class)]]
[loading RegularFileObject[/root/.jenkins/workspace/PL-PetClinic/target/classes/org/springframework/samples/petclinic/web/PetController.class]]
[loading ZipFileIndexFileObject[/root/.m2/repository/org/springframework/spring-web/4.2.5.RELEASE/spring-web-4.2.5.RELEASE.jar(org/springframework/http/MediaType.class)]]
[loading ZipFileIndexFileObject[/root/.m2/repository/org/springframework/spring-test/4.2.5.RELEASE/spring-test-4.2.5.RELEASE.jar(org/springframework/test/web/servlet/ResultActions.class)]]
[loading RegularFileObject[/root/.jenkins/workspace/PL-PetClinic/target/classes/org/springframework/samples/petclinic/web/VetController.class]]
[loading ZipFileIndexFileObject[/usr/lib/jvm/java-1.8.0-openjdk-1.8.0.212.b04-0.el7_6.x86_64/lib/ct.sym(META-INF/sym/rt.jar/java/lang/String.class)]]
[loading ZipFileIndexFileObject[/usr/lib/jvm/java-1.8.0-openjdk-1.8.0.212.b04-0.el7_6.x86_64/lib/ct.sym(META-INF/sym/rt.jar/java/lang/annotation/Retention.class)]]
[loading ZipFileIndexFileObject[/usr/lib/jvm/java-1.8.0-openjdk-1.8.0.212.b04-0.el7_6.x86_64/lib/ct.sym(META-INF/sym/rt.jar/java/lang/annotation/RetentionPolicy.class)]]
[loading ZipFileIndexFileObject[/usr/lib/jvm/java-1.8.0-openjdk-1.8.0.212.b04-0.el7_6.x86_64/lib/ct.sym(META-INF/sym/rt.jar/java/lang/annotation/Target.class)]]
[loading ZipFileIndexFileObject[/usr/lib/jvm/java-1.8.0-openjdk-1.8.0.212.b04-0.el7_6.x86_64/lib/ct.sym(META-INF/sym/rt.jar/java/lang/annotation/ElementType.class)]]
[loading ZipFileIndexFileObject[/usr/lib/jvm/java-1.8.0-openjdk-1.8.0.212.b04-0.el7_6.x86_64/lib/ct.sym(META-INF/sym/rt.jar/java/lang/annotation/Annotation.class)]]
[loading ZipFileIndexFileObject[/root/.m2/repository/org/springframework/spring-core/4.2.5.RELEASE/spring-core-4.2.5.RELEASE.jar(org/springframework/core/annotation/AliasFor.class)]]
[loading ZipFileIndexFileObject[/root/.m2/repository/org/hibernate/javax/persistence/hibernate-jpa-2.1-api/1.0.0.Final/hibernate-jpa-2.1-api-1.0.0.Final.jar(javax/persistence/Table.class)]]
[loading ZipFileIndexFileObject[/root/.m2/repository/org/hibernate/javax/persistence/hibernate-jpa-2.1-api/1.0.0.Final/hibernate-jpa-2.1-api-1.0.0.Final.jar(javax/persistence/Column.class)]]
[loading ZipFileIndexFileObject[/root/.m2/repository/javax/validation/validation-api/1.1.0.Final/validation-api-1.1.0.Final.jar(javax/validation/constraints/Digits.class)]]
[loading ZipFileIndexFileObject[/root/.m2/repository/org/hibernate/javax/persistence/hibernate-jpa-2.1-api/1.0.0.Final/hibernate-jpa-2.1-api-1.0.0.Final.jar(javax/persistence/OneToMany.class)]]
[loading ZipFileIndexFileObject[/root/.m2/repository/org/hibernate/javax/persistence/hibernate-jpa-2.1-api/1.0.0.Final/hibernate-jpa-2.1-api-1.0.0.Final.jar(javax/persistence/CascadeType.class)]]
[loading ZipFileIndexFileObject[/root/.m2/repository/org/hibernate/hibernate-core/4.3.11.Final/hibernate-core-4.3.11.Final.jar(org/hibernate/annotations/Type.class)]]
[loading ZipFileIndexFileObject[/root/.m2/repository/org/springframework/spring-context/4.2.5.RELEASE/spring-context-4.2.5.RELEASE.jar(org/springframework/format/annotation/DateTimeFormat.class)]]
[loading ZipFileIndexFileObject[/root/.m2/repository/org/hibernate/javax/persistence/hibernate-jpa-2.1-api/1.0.0.Final/hibernate-jpa-2.1-api-1.0.0.Final.jar(javax/persistence/JoinColumn.class)]]
[loading ZipFileIndexFileObject[/root/.m2/repository/org/hibernate/javax/persistence/hibernate-jpa-2.1-api/1.0.0.Final/hibernate-jpa-2.1-api-1.0.0.Final.jar(javax/persistence/FetchType.class)]]
[loading ZipFileIndexFileObject[/root/.m2/repository/org/hibernate/javax/persistence/hibernate-jpa-2.1-api/1.0.0.Final/hibernate-jpa-2.1-api-1.0.0.Final.jar(javax/persistence/ManyToMany.class)]]
[loading ZipFileIndexFileObject[/root/.m2/repository/org/hibernate/javax/persistence/hibernate-jpa-2.1-api/1.0.0.Final/hibernate-jpa-2.1-api-1.0.0.Final.jar(javax/persistence/JoinTable.class)]]
[loading ZipFileIndexFileObject[/root/.m2/repository/org/springframework/spring-tx/4.2.5.RELEASE/spring-tx-4.2.5.RELEASE.jar(org/springframework/transaction/annotation/Propagation.class)]]
[loading ZipFileIndexFileObject[/root/.m2/repository/org/springframework/spring-tx/4.2.5.RELEASE/spring-tx-4.2.5.RELEASE.jar(org/springframework/transaction/annotation/Isolation.class)]]
[loading ZipFileIndexFileObject[/usr/lib/jvm/java-1.8.0-openjdk-1.8.0.212.b04-0.el7_6.x86_64/lib/ct.sym(META-INF/sym/rt.jar/java/lang/Class.class)]]
[loading ZipFileIndexFileObject[/root/.m2/repository/junit/junit/4.12/junit-4.12.jar(org/junit/runners/BlockJUnit4ClassRunner.class)]]
[loading ZipFileIndexFileObject[/root/.m2/repository/junit/junit/4.12/junit-4.12.jar(org/junit/runners/ParentRunner.class)]]
[loading ZipFileIndexFileObject[/root/.m2/repository/org/springframework/spring-test/4.2.5.RELEASE/spring-test-4.2.5.RELEASE.jar(org/springframework/test/context/BootstrapWith.class)]]
[loading ZipFileIndexFileObject[/root/.m2/repository/org/springframework/spring-web/4.2.5.RELEASE/spring-web-4.2.5.RELEASE.jar(org/springframework/web/bind/annotation/RequestMapping.class)]]
[loading ZipFileIndexFileObject[/root/.m2/repository/org/springframework/spring-web/4.2.5.RELEASE/spring-web-4.2.5.RELEASE.jar(org/springframework/web/bind/annotation/RequestMethod.class)]]
[loading ZipFileIndexFileObject[/root/.m2/repository/org/springframework/spring-web/4.2.5.RELEASE/spring-web-4.2.5.RELEASE.jar(org/springframework/web/bind/annotation/PathVariable.class)]]
[loading ZipFileIndexFileObject[/root/.m2/repository/org/mockito/mockito-core/1.10.19/mockito-core-1.10.19.jar(org/mockito/Answers.class)]]
[loading ZipFileIndexFileObject[/root/.m2/repository/org/springframework/spring-web/4.2.5.RELEASE/spring-web-4.2.5.RELEASE.jar(org/springframework/web/bind/annotation/ModelAttribute.class)]]
[loading ZipFileIndexFileObject[/root/.m2/repository/org/springframework/spring-web/4.2.5.RELEASE/spring-web-4.2.5.RELEASE.jar(org/springframework/web/bind/annotation/InitBinder.class)]]
[loading ZipFileIndexFileObject[/root/.m2/repository/javax/validation/validation-api/1.1.0.Final/validation-api-1.1.0.Final.jar(javax/validation/Constraint.class)]]
[loading ZipFileIndexFileObject[/root/.m2/repository/org/springframework/spring-context/4.2.5.RELEASE/spring-context-4.2.5.RELEASE.jar(org/springframework/format/annotation/DateTimeFormat$ISO.class)]]
[loading ZipFileIndexFileObject[/root/.m2/repository/org/hibernate/javax/persistence/hibernate-jpa-2.1-api/1.0.0.Final/hibernate-jpa-2.1-api-1.0.0.Final.jar(javax/persistence/ForeignKey.class)]]
[loading ZipFileIndexFileObject[/root/.m2/repository/org/hibernate/javax/persistence/hibernate-jpa-2.1-api/1.0.0.Final/hibernate-jpa-2.1-api-1.0.0.Final.jar(javax/persistence/ConstraintMode.class)]]
[checking org.springframework.samples.petclinic.model.ValidatorTests]
[loading ZipFileIndexFileObject[/usr/lib/jvm/java-1.8.0-openjdk-1.8.0.212.b04-0.el7_6.x86_64/lib/ct.sym(META-INF/sym/rt.jar/java/io/Serializable.class)]]
[loading ZipFileIndexFileObject[/usr/lib/jvm/java-1.8.0-openjdk-1.8.0.212.b04-0.el7_6.x86_64/lib/ct.sym(META-INF/sym/rt.jar/java/lang/AutoCloseable.class)]]
[loading ZipFileIndexFileObject[/root/.m2/repository/javax/validation/validation-api/1.1.0.Final/validation-api-1.1.0.Final.jar(javax/validation/ValidatorFactory.class)]]
[loading ZipFileIndexFileObject[/root/.m2/repository/org/springframework/spring-context/4.2.5.RELEASE/spring-context-4.2.5.RELEASE.jar(org/springframework/context/ApplicationContextAware.class)]]
[loading ZipFileIndexFileObject[/root/.m2/repository/org/springframework/spring-beans/4.2.5.RELEASE/spring-beans-4.2.5.RELEASE.jar(org/springframework/beans/factory/Aware.class)]]
[loading ZipFileIndexFileObject[/root/.m2/repository/org/springframework/spring-beans/4.2.5.RELEASE/spring-beans-4.2.5.RELEASE.jar(org/springframework/beans/factory/InitializingBean.class)]]
[loading ZipFileIndexFileObject[/root/.m2/repository/org/springframework/spring-beans/4.2.5.RELEASE/spring-beans-4.2.5.RELEASE.jar(org/springframework/beans/factory/DisposableBean.class)]]
[loading ZipFileIndexFileObject[/root/.m2/repository/org/springframework/spring-context/4.2.5.RELEASE/spring-context-4.2.5.RELEASE.jar(org/springframework/validation/beanvalidation/SpringValidatorAdapter.class)]]
[loading ZipFileIndexFileObject[/root/.m2/repository/org/springframework/spring-context/4.2.5.RELEASE/spring-context-4.2.5.RELEASE.jar(org/springframework/validation/SmartValidator.class)]]
[loading ZipFileIndexFileObject[/root/.m2/repository/org/springframework/spring-context/4.2.5.RELEASE/spring-context-4.2.5.RELEASE.jar(org/springframework/validation/Validator.class)]]
[loading RegularFileObject[/root/.jenkins/workspace/PL-PetClinic/target/classes/org/springframework/samples/petclinic/model/Person.class]]
[loading RegularFileObject[/root/.jenkins/workspace/PL-PetClinic/target/classes/org/springframework/samples/petclinic/model/BaseEntity.class]]
[loading ZipFileIndexFileObject[/root/.m2/repository/org/hibernate/javax/persistence/hibernate-jpa-2.1-api/1.0.0.Final/hibernate-jpa-2.1-api-1.0.0.Final.jar(javax/persistence/GeneratedValue.class)]]
[loading ZipFileIndexFileObject[/root/.m2/repository/org/hibernate/javax/persistence/hibernate-jpa-2.1-api/1.0.0.Final/hibernate-jpa-2.1-api-1.0.0.Final.jar(javax/persistence/GenerationType.class)]]
[loading ZipFileIndexFileObject[/usr/lib/jvm/java-1.8.0-openjdk-1.8.0.212.b04-0.el7_6.x86_64/lib/ct.sym(META-INF/sym/rt.jar/java/lang/Iterable.class)]]
[loading ZipFileIndexFileObject[/usr/lib/jvm/java-1.8.0-openjdk-1.8.0.212.b04-0.el7_6.x86_64/lib/ct.sym(META-INF/sym/rt.jar/java/math/BigDecimal.class)]]
[loading ZipFileIndexFileObject[/usr/lib/jvm/java-1.8.0-openjdk-1.8.0.212.b04-0.el7_6.x86_64/lib/ct.sym(META-INF/sym/rt.jar/java/net/URI.class)]]
[loading ZipFileIndexFileObject[/usr/lib/jvm/java-1.8.0-openjdk-1.8.0.212.b04-0.el7_6.x86_64/lib/ct.sym(META-INF/sym/rt.jar/java/net/URL.class)]]
[loading ZipFileIndexFileObject[/usr/lib/jvm/java-1.8.0-openjdk-1.8.0.212.b04-0.el7_6.x86_64/lib/ct.sym(META-INF/sym/rt.jar/java/lang/Boolean.class)]]
[loading ZipFileIndexFileObject[/usr/lib/jvm/java-1.8.0-openjdk-1.8.0.212.b04-0.el7_6.x86_64/lib/ct.sym(META-INF/sym/rt.jar/java/lang/Byte.class)]]
[loading ZipFileIndexFileObject[/usr/lib/jvm/java-1.8.0-openjdk-1.8.0.212.b04-0.el7_6.x86_64/lib/ct.sym(META-INF/sym/rt.jar/java/lang/Character.class)]]
[loading ZipFileIndexFileObject[/usr/lib/jvm/java-1.8.0-openjdk-1.8.0.212.b04-0.el7_6.x86_64/lib/ct.sym(META-INF/sym/rt.jar/java/lang/Comparable.class)]]
[loading ZipFileIndexFileObject[/root/.m2/repository/org/assertj/assertj-core/2.2.0/assertj-core-2.2.0.jar(org/assertj/core/api/AbstractComparableAssert.class)]]
[loading ZipFileIndexFileObject[/root/.m2/repository/org/assertj/assertj-core/2.2.0/assertj-core-2.2.0.jar(org/assertj/core/api/AbstractIterableAssert.class)]]
[loading ZipFileIndexFileObject[/usr/lib/jvm/java-1.8.0-openjdk-1.8.0.212.b04-0.el7_6.x86_64/lib/ct.sym(META-INF/sym/rt.jar/java/util/Iterator.class)]]
[loading ZipFileIndexFileObject[/usr/lib/jvm/java-1.8.0-openjdk-1.8.0.212.b04-0.el7_6.x86_64/lib/ct.sym(META-INF/sym/rt.jar/java/lang/Double.class)]]
[loading ZipFileIndexFileObject[/usr/lib/jvm/java-1.8.0-openjdk-1.8.0.212.b04-0.el7_6.x86_64/lib/ct.sym(META-INF/sym/rt.jar/java/io/File.class)]]
[loading ZipFileIndexFileObject[/usr/lib/jvm/java-1.8.0-openjdk-1.8.0.212.b04-0.el7_6.x86_64/lib/ct.sym(META-INF/sym/rt.jar/java/nio/file/Path.class)]]
[loading ZipFileIndexFileObject[/usr/lib/jvm/java-1.8.0-openjdk-1.8.0.212.b04-0.el7_6.x86_64/lib/ct.sym(META-INF/sym/rt.jar/java/io/InputStream.class)]]
[loading ZipFileIndexFileObject[/usr/lib/jvm/java-1.8.0-openjdk-1.8.0.212.b04-0.el7_6.x86_64/lib/ct.sym(META-INF/sym/rt.jar/java/lang/Float.class)]]
[loading ZipFileIndexFileObject[/usr/lib/jvm/java-1.8.0-openjdk-1.8.0.212.b04-0.el7_6.x86_64/lib/ct.sym(META-INF/sym/rt.jar/java/lang/Integer.class)]]
[loading ZipFileIndexFileObject[/usr/lib/jvm/java-1.8.0-openjdk-1.8.0.212.b04-0.el7_6.x86_64/lib/ct.sym(META-INF/sym/rt.jar/java/util/List.class)]]
[loading ZipFileIndexFileObject[/root/.m2/repository/org/assertj/assertj-core/2.2.0/assertj-core-2.2.0.jar(org/assertj/core/api/AbstractListAssert.class)]]
[loading ZipFileIndexFileObject[/usr/lib/jvm/java-1.8.0-openjdk-1.8.0.212.b04-0.el7_6.x86_64/lib/ct.sym(META-INF/sym/rt.jar/java/lang/Long.class)]]
[loading ZipFileIndexFileObject[/root/.m2/repository/org/assertj/assertj-core/2.2.0/assertj-core-2.2.0.jar(org/assertj/core/api/AbstractObjectAssert.class)]]
[loading ZipFileIndexFileObject[/root/.m2/repository/org/assertj/assertj-core/2.2.0/assertj-core-2.2.0.jar(org/assertj/core/api/AssertDelegateTarget.class)]]
[loading ZipFileIndexFileObject[/root/.m2/repository/org/assertj/assertj-core/2.2.0/assertj-core-2.2.0.jar(org/assertj/core/api/AssertProvider.class)]]
[loading ZipFileIndexFileObject[/root/.m2/repository/org/assertj/assertj-core/2.2.0/assertj-core-2.2.0.jar(org/assertj/core/api/AbstractObjectArrayAssert.class)]]
[loading ZipFileIndexFileObject[/usr/lib/jvm/java-1.8.0-openjdk-1.8.0.212.b04-0.el7_6.x86_64/lib/ct.sym(META-INF/sym/rt.jar/java/util/Map.class)]]
[loading ZipFileIndexFileObject[/root/.m2/repository/org/assertj/assertj-core/2.2.0/assertj-core-2.2.0.jar(org/assertj/core/api/MapAssert.class)]]
[loading ZipFileIndexFileObject[/usr/lib/jvm/java-1.8.0-openjdk-1.8.0.212.b04-0.el7_6.x86_64/lib/ct.sym(META-INF/sym/rt.jar/java/lang/Short.class)]]
[loading ZipFileIndexFileObject[/usr/lib/jvm/java-1.8.0-openjdk-1.8.0.212.b04-0.el7_6.x86_64/lib/ct.sym(META-INF/sym/rt.jar/java/lang/CharSequence.class)]]
[loading ZipFileIndexFileObject[/usr/lib/jvm/java-1.8.0-openjdk-1.8.0.212.b04-0.el7_6.x86_64/lib/ct.sym(META-INF/sym/rt.jar/java/util/Date.class)]]
[loading ZipFileIndexFileObject[/usr/lib/jvm/java-1.8.0-openjdk-1.8.0.212.b04-0.el7_6.x86_64/lib/ct.sym(META-INF/sym/rt.jar/java/lang/Throwable.class)]]
[loading ZipFileIndexFileObject[/root/.m2/repository/org/assertj/assertj-core/2.2.0/assertj-core-2.2.0.jar(org/assertj/core/api/AbstractIntegerAssert.class)]]
[loading ZipFileIndexFileObject[/root/.m2/repository/org/assertj/assertj-core/2.2.0/assertj-core-2.2.0.jar(org/assertj/core/api/NumberAssert.class)]]
[loading ZipFileIndexFileObject[/root/.m2/repository/org/assertj/assertj-core/2.2.0/assertj-core-2.2.0.jar(org/assertj/core/api/ComparableAssert.class)]]
[loading ZipFileIndexFileObject[/root/.m2/repository/org/assertj/assertj-core/2.2.0/assertj-core-2.2.0.jar(org/assertj/core/api/AbstractAssert.class)]]
[loading ZipFileIndexFileObject[/root/.m2/repository/org/assertj/assertj-core/2.2.0/assertj-core-2.2.0.jar(org/assertj/core/api/Assert.class)]]
[loading ZipFileIndexFileObject[/root/.m2/repository/org/assertj/assertj-core/2.2.0/assertj-core-2.2.0.jar(org/assertj/core/api/Descriptable.class)]]
[loading ZipFileIndexFileObject[/root/.m2/repository/org/assertj/assertj-core/2.2.0/assertj-core-2.2.0.jar(org/assertj/core/api/ExtensionPoints.class)]]
[loading ZipFileIndexFileObject[/root/.m2/repository/javax/validation/validation-api/1.1.0.Final/validation-api-1.1.0.Final.jar(javax/validation/Path.class)]]
[loading ZipFileIndexFileObject[/root/.m2/repository/org/assertj/assertj-core/2.2.0/assertj-core-2.2.0.jar(org/assertj/core/api/AbstractCharSequenceAssert.class)]]
[loading ZipFileIndexFileObject[/root/.m2/repository/org/assertj/assertj-core/2.2.0/assertj-core-2.2.0.jar(org/assertj/core/api/EnumerableAssert.class)]]
[wrote RegularFileObject[/root/.jenkins/workspace/PL-PetClinic/target/test-classes/org/springframework/samples/petclinic/model/ValidatorTests.class]]
[checking org.springframework.samples.petclinic.service.ClinicServiceJpaTests]
[loading ZipFileIndexFileObject[/root/.m2/repository/org/assertj/assertj-core/2.2.0/assertj-core-2.2.0.jar(org/assertj/core/api/AbstractBooleanAssert.class)]]
[loading RegularFileObject[/root/.jenkins/workspace/PL-PetClinic/target/classes/org/springframework/samples/petclinic/model/NamedEntity.class]]
[loading ZipFileIndexFileObject[/usr/lib/jvm/java-1.8.0-openjdk-1.8.0.212.b04-0.el7_6.x86_64/lib/ct.sym(META-INF/sym/rt.jar/java/lang/Number.class)]]
[loading ZipFileIndexFileObject[/root/.m2/repository/org/assertj/assertj-core/2.2.0/assertj-core-2.2.0.jar(org/assertj/core/api/AbstractLongAssert.class)]]
[loading ZipFileIndexFileObject[/root/.m2/repository/org/springframework/spring-orm/4.2.5.RELEASE/spring-orm-4.2.5.RELEASE.jar(org/springframework/orm/ObjectRetrievalFailureException.class)]]
[loading RegularFileObject[/root/.jenkins/workspace/PL-PetClinic/target/classes/org/springframework/samples/petclinic/model/Specialty.class]]
[checking org.springframework.samples.petclinic.service.AbstractClinicServiceTests]
[loading ZipFileIndexFileObject[/usr/lib/jvm/java-1.8.0-openjdk-1.8.0.212.b04-0.el7_6.x86_64/lib/ct.sym(META-INF/sym/rt.jar/java/lang/Error.class)]]
[loading ZipFileIndexFileObject[/root/.m2/repository/org/springframework/spring-tx/4.2.5.RELEASE/spring-tx-4.2.5.RELEASE.jar(org/springframework/dao/DataAccessException.class)]]
[loading ZipFileIndexFileObject[/root/.m2/repository/org/springframework/spring-core/4.2.5.RELEASE/spring-core-4.2.5.RELEASE.jar(org/springframework/core/NestedRuntimeException.class)]]
[loading ZipFileIndexFileObject[/usr/lib/jvm/java-1.8.0-openjdk-1.8.0.212.b04-0.el7_6.x86_64/lib/ct.sym(META-INF/sym/rt.jar/java/lang/RuntimeException.class)]]
[loading ZipFileIndexFileObject[/root/.m2/repository/org/springframework/spring-tx/4.2.5.RELEASE/spring-tx-4.2.5.RELEASE.jar(org/springframework/dao/DataRetrievalFailureException.class)]]
[loading ZipFileIndexFileObject[/root/.m2/repository/org/springframework/spring-tx/4.2.5.RELEASE/spring-tx-4.2.5.RELEASE.jar(org/springframework/dao/NonTransientDataAccessException.class)]]
[wrote RegularFileObject[/root/.jenkins/workspace/PL-PetClinic/target/test-classes/org/springframework/samples/petclinic/service/ClinicServiceJpaTests.class]]
[loading ZipFileIndexFileObject[/usr/lib/jvm/java-1.8.0-openjdk-1.8.0.212.b04-0.el7_6.x86_64/lib/ct.sym(META-INF/sym/rt.jar/java/lang/StringBuilder.class)]]
[loading ZipFileIndexFileObject[/usr/lib/jvm/java-1.8.0-openjdk-1.8.0.212.b04-0.el7_6.x86_64/lib/ct.sym(META-INF/sym/rt.jar/java/lang/AbstractStringBuilder.class)]]
[loading ZipFileIndexFileObject[/usr/lib/jvm/java-1.8.0-openjdk-1.8.0.212.b04-0.el7_6.x86_64/lib/ct.sym(META-INF/sym/rt.jar/java/lang/Appendable.class)]]
[loading ZipFileIndexFileObject[/usr/lib/jvm/java-1.8.0-openjdk-1.8.0.212.b04-0.el7_6.x86_64/lib/ct.sym(META-INF/sym/rt.jar/java/lang/StringBuffer.class)]]
[wrote RegularFileObject[/root/.jenkins/workspace/PL-PetClinic/target/test-classes/org/springframework/samples/petclinic/service/AbstractClinicServiceTests.class]]
[checking org.springframework.samples.petclinic.service.ClinicServiceJdbcTests]
[wrote RegularFileObject[/root/.jenkins/workspace/PL-PetClinic/target/test-classes/org/springframework/samples/petclinic/service/ClinicServiceJdbcTests.class]]
[checking org.springframework.samples.petclinic.service.ClinicServiceSpringDataJpaTests]
[wrote RegularFileObject[/root/.jenkins/workspace/PL-PetClinic/target/test-classes/org/springframework/samples/petclinic/service/ClinicServiceSpringDataJpaTests.class]]
[checking org.springframework.samples.petclinic.web.OwnerControllerTests]
[loading ZipFileIndexFileObject[/root/.m2/repository/org/springframework/spring-test/4.2.5.RELEASE/spring-test-4.2.5.RELEASE.jar(org/springframework/test/web/servlet/setup/StandaloneMockMvcBuilder.class)]]
[loading ZipFileIndexFileObject[/root/.m2/repository/org/springframework/spring-test/4.2.5.RELEASE/spring-test-4.2.5.RELEASE.jar(org/springframework/test/web/servlet/setup/AbstractMockMvcBuilder.class)]]
[loading ZipFileIndexFileObject[/root/.m2/repository/org/springframework/spring-test/4.2.5.RELEASE/spring-test-4.2.5.RELEASE.jar(org/springframework/test/web/servlet/setup/ConfigurableMockMvcBuilder.class)]]
[loading ZipFileIndexFileObject[/root/.m2/repository/org/springframework/spring-test/4.2.5.RELEASE/spring-test-4.2.5.RELEASE.jar(org/springframework/test/web/servlet/MockMvcBuilder.class)]]
[loading ZipFileIndexFileObject[/root/.m2/repository/org/springframework/spring-test/4.2.5.RELEASE/spring-test-4.2.5.RELEASE.jar(org/springframework/test/web/servlet/MockMvcBuilderSupport.class)]]
[loading ZipFileIndexFileObject[/root/.m2/repository/org/springframework/spring-test/4.2.5.RELEASE/spring-test-4.2.5.RELEASE.jar(org/springframework/test/web/servlet/result/ViewResultMatchers.class)]]
[loading ZipFileIndexFileObject[/root/.m2/repository/org/hamcrest/hamcrest-core/1.3/hamcrest-core-1.3.jar(org/hamcrest/Matcher.class)]]
[loading ZipFileIndexFileObject[/root/.m2/repository/org/springframework/spring-test/4.2.5.RELEASE/spring-test-4.2.5.RELEASE.jar(org/springframework/test/web/servlet/ResultMatcher.class)]]
[loading ZipFileIndexFileObject[/root/.m2/repository/org/springframework/spring-test/4.2.5.RELEASE/spring-test-4.2.5.RELEASE.jar(org/springframework/test/web/servlet/result/ModelResultMatchers.class)]]
[loading ZipFileIndexFileObject[/root/.m2/repository/org/springframework/spring-test/4.2.5.RELEASE/spring-test-4.2.5.RELEASE.jar(org/springframework/test/web/servlet/result/StatusResultMatchers.class)]]
[loading ZipFileIndexFileObject[/root/.m2/repository/org/springframework/spring-test/4.2.5.RELEASE/spring-test-4.2.5.RELEASE.jar(org/springframework/test/web/servlet/request/MockHttpServletRequestBuilder.class)]]
[loading ZipFileIndexFileObject[/root/.m2/repository/org/springframework/spring-test/4.2.5.RELEASE/spring-test-4.2.5.RELEASE.jar(org/springframework/test/web/servlet/RequestBuilder.class)]]
[loading ZipFileIndexFileObject[/root/.m2/repository/org/springframework/spring-test/4.2.5.RELEASE/spring-test-4.2.5.RELEASE.jar(org/springframework/test/web/servlet/request/ConfigurableSmartRequestBuilder.class)]]
[loading ZipFileIndexFileObject[/root/.m2/repository/org/springframework/spring-test/4.2.5.RELEASE/spring-test-4.2.5.RELEASE.jar(org/springframework/test/web/servlet/SmartRequestBuilder.class)]]
[loading ZipFileIndexFileObject[/root/.m2/repository/org/springframework/spring-beans/4.2.5.RELEASE/spring-beans-4.2.5.RELEASE.jar(org/springframework/beans/Mergeable.class)]]
[loading ZipFileIndexFileObject[/usr/lib/jvm/java-1.8.0-openjdk-1.8.0.212.b04-0.el7_6.x86_64/lib/ct.sym(META-INF/sym/rt.jar/java/lang/Void.class)]]
[wrote RegularFileObject[/root/.jenkins/workspace/PL-PetClinic/target/test-classes/org/springframework/samples/petclinic/web/OwnerControllerTests.class]]
[checking org.springframework.samples.petclinic.web.PetTypeFormatterTests]
[loading ZipFileIndexFileObject[/root/.m2/repository/org/springframework/spring-context/4.2.5.RELEASE/spring-context-4.2.5.RELEASE.jar(org/springframework/format/Formatter.class)]]
[loading ZipFileIndexFileObject[/root/.m2/repository/org/springframework/spring-context/4.2.5.RELEASE/spring-context-4.2.5.RELEASE.jar(org/springframework/format/Printer.class)]]
[loading ZipFileIndexFileObject[/root/.m2/repository/org/springframework/spring-context/4.2.5.RELEASE/spring-context-4.2.5.RELEASE.jar(org/springframework/format/Parser.class)]]
[loading ZipFileIndexFileObject[/root/.m2/repository/org/mockito/mockito-core/1.10.19/mockito-core-1.10.19.jar(org/mockito/stubbing/OngoingStubbing.class)]]
[loading ZipFileIndexFileObject[/root/.m2/repository/org/mockito/mockito-core/1.10.19/mockito-core-1.10.19.jar(org/mockito/Matchers.class)]]
[loading ZipFileIndexFileObject[/root/.m2/repository/org/mockito/mockito-core/1.10.19/mockito-core-1.10.19.jar(org/mockito/internal/progress/IOngoingStubbing.class)]]
[loading ZipFileIndexFileObject[/usr/lib/jvm/java-1.8.0-openjdk-1.8.0.212.b04-0.el7_6.x86_64/lib/ct.sym(META-INF/sym/rt.jar/java/util/ArrayList.class)]]
[loading ZipFileIndexFileObject[/usr/lib/jvm/java-1.8.0-openjdk-1.8.0.212.b04-0.el7_6.x86_64/lib/ct.sym(META-INF/sym/rt.jar/java/util/AbstractList.class)]]
[loading ZipFileIndexFileObject[/usr/lib/jvm/java-1.8.0-openjdk-1.8.0.212.b04-0.el7_6.x86_64/lib/ct.sym(META-INF/sym/rt.jar/java/util/AbstractCollection.class)]]
[wrote RegularFileObject[/root/.jenkins/workspace/PL-PetClinic/target/test-classes/org/springframework/samples/petclinic/web/PetTypeFormatterTests$1.class]]
[wrote RegularFileObject[/root/.jenkins/workspace/PL-PetClinic/target/test-classes/org/springframework/samples/petclinic/web/PetTypeFormatterTests$2.class]]
[wrote RegularFileObject[/root/.jenkins/workspace/PL-PetClinic/target/test-classes/org/springframework/samples/petclinic/web/PetTypeFormatterTests.class]]
[checking org.springframework.samples.petclinic.web.VisitControllerTests]
[wrote RegularFileObject[/root/.jenkins/workspace/PL-PetClinic/target/test-classes/org/springframework/samples/petclinic/web/VisitControllerTests.class]]
[checking org.springframework.samples.petclinic.web.CrashControllerTests]
[loading ZipFileIndexFileObject[/root/.m2/repository/org/springframework/spring-webmvc/4.2.5.RELEASE/spring-webmvc-4.2.5.RELEASE.jar(org/springframework/web/servlet/handler/AbstractHandlerExceptionResolver.class)]]
[loading ZipFileIndexFileObject[/root/.m2/repository/org/springframework/spring-webmvc/4.2.5.RELEASE/spring-webmvc-4.2.5.RELEASE.jar(org/springframework/web/servlet/HandlerExceptionResolver.class)]]
[loading ZipFileIndexFileObject[/root/.m2/repository/org/springframework/spring-core/4.2.5.RELEASE/spring-core-4.2.5.RELEASE.jar(org/springframework/core/Ordered.class)]]
[wrote RegularFileObject[/root/.jenkins/workspace/PL-PetClinic/target/test-classes/org/springframework/samples/petclinic/web/CrashControllerTests.class]]
[checking org.springframework.samples.petclinic.web.PetControllerTests]
[loading ZipFileIndexFileObject[/root/.m2/repository/org/springframework/spring-beans/4.2.5.RELEASE/spring-beans-4.2.5.RELEASE.jar(org/springframework/beans/factory/FactoryBean.class)]]
[loading ZipFileIndexFileObject[/root/.m2/repository/org/springframework/spring-context/4.2.5.RELEASE/spring-context-4.2.5.RELEASE.jar(org/springframework/context/EmbeddedValueResolverAware.class)]]
[loading ZipFileIndexFileObject[/root/.m2/repository/org/springframework/spring-context/4.2.5.RELEASE/spring-context-4.2.5.RELEASE.jar(org/springframework/format/support/FormattingConversionService.class)]]
[wrote RegularFileObject[/root/.jenkins/workspace/PL-PetClinic/target/test-classes/org/springframework/samples/petclinic/web/PetControllerTests.class]]
[checking org.springframework.samples.petclinic.web.VetControllerTests]
[loading ZipFileIndexFileObject[/root/.m2/repository/org/springframework/spring-core/4.2.5.RELEASE/spring-core-4.2.5.RELEASE.jar(org/springframework/util/MimeType.class)]]
[loading ZipFileIndexFileObject[/root/.m2/repository/org/springframework/spring-test/4.2.5.RELEASE/spring-test-4.2.5.RELEASE.jar(org/springframework/test/web/servlet/result/JsonPathResultMatchers.class)]]
[loading ZipFileIndexFileObject[/root/.m2/repository/org/springframework/spring-test/4.2.5.RELEASE/spring-test-4.2.5.RELEASE.jar(org/springframework/test/web/servlet/result/ContentResultMatchers.class)]]
[wrote RegularFileObject[/root/.jenkins/workspace/PL-PetClinic/target/test-classes/org/springframework/samples/petclinic/web/VetControllerTests.class]]
[total 663ms]
[WARNING] bootstrap class path not set in conjunction with -source 1.7
[INFO] 
[INFO] --- maven-surefire-plugin:2.13:test (default-test) @ spring-petclinic ---
[INFO] Surefire report directory: /root/.jenkins/workspace/PL-PetClinic/target/surefire-reports

-------------------------------------------------------
 T E S T S
-------------------------------------------------------
Running org.springframework.samples.petclinic.model.ValidatorTests
INFO  Version - HV000001: Hibernate Validator 5.2.4.Final
Tests run: 1, Failures: 0, Errors: 0, Skipped: 0, Time elapsed: 0.614 sec
Running org.springframework.samples.petclinic.service.ClinicServiceJpaTests
INFO  DefaultTestContextBootstrapper - Loaded default TestExecutionListener class names from location [META-INF/spring.factories]: [org.springframework.test.context.web.ServletTestExecutionListener, org.springframework.test.context.support.DirtiesContextBeforeModesTestExecutionListener, org.springframework.test.context.support.DependencyInjectionTestExecutionListener, org.springframework.test.context.support.DirtiesContextTestExecutionListener, org.springframework.test.context.transaction.TransactionalTestExecutionListener, org.springframework.test.context.jdbc.SqlScriptsTestExecutionListener]
INFO  DefaultTestContextBootstrapper - Using TestExecutionListeners: [org.springframework.test.context.web.ServletTestExecutionListener@3d5c822d, org.springframework.test.context.support.DirtiesContextBeforeModesTestExecutionListener@6f46426d, org.springframework.test.context.support.DependencyInjectionTestExecutionListener@73700b80, org.springframework.test.context.support.DirtiesContextTestExecutionListener@49c7b90e, org.springframework.test.context.transaction.TransactionalTestExecutionListener@10d307f1, org.springframework.test.context.jdbc.SqlScriptsTestExecutionListener@4d5b6aac]
INFO  XmlBeanDefinitionReader - Loading XML bean definitions from class path resource [spring/business-config.xml]
INFO  XmlBeanDefinitionReader - Loading XML bean definitions from class path resource [spring/datasource-config.xml]
INFO  GenericApplicationContext - Refreshing org.springframework.context.support.GenericApplicationContext@58695725: startup date [Thu Jul 18 10:12:41 UTC 2019]; root of context hierarchy
INFO  PropertyPlaceholderConfigurer - Loading properties file from class path resource [spring/data-access.properties]
INFO  PropertyPlaceholderConfigurer - Loading properties file from class path resource [spring/data-access.properties]
INFO  LocalContainerEntityManagerFactoryBean - Building JPA container EntityManagerFactory for persistence unit 'petclinic'
INFO  LogHelper - HHH000204: Processing PersistenceUnitInfo [
	name: petclinic
	...]
INFO  Version - HHH000412: Hibernate Core {4.3.11.Final}
INFO  Environment - HHH000206: hibernate.properties not found
INFO  Environment - HHH000021: Bytecode provider name : javassist
INFO  Version - HCANN000001: Hibernate Commons Annotations {4.0.5.Final}
INFO  Dialect - HHH000400: Using dialect: org.hibernate.dialect.HSQLDialect
INFO  ASTQueryTranslatorFactory - HHH000397: Using ASTQueryTranslatorFactory
INFO  ScriptUtils - Executing SQL script from class path resource [db/hsqldb/initDB.sql]
INFO  ScriptUtils - Executed SQL script from class path resource [db/hsqldb/initDB.sql] in 7 ms.
INFO  ScriptUtils - Executing SQL script from class path resource [db/hsqldb/populateDB.sql]
INFO  ScriptUtils - Executed SQL script from class path resource [db/hsqldb/populateDB.sql] in 14 ms.
Hibernate: select distinct vet0_.id as id1_5_0_, specialty2_.id as id1_2_1_, vet0_.first_name as first_na2_5_0_, vet0_.last_name as last_nam3_5_0_, specialty2_.name as name2_2_1_, specialtie1_.vet_id as vet_id1_5_0__, specialtie1_.specialty_id as specialt2_4_0__ from vets vet0_ left outer join vet_specialties specialtie1_ on vet0_.id=specialtie1_.vet_id left outer join specialties specialty2_ on specialtie1_.specialty_id=specialty2_.id order by vet0_.last_name, vet0_.first_name
Hibernate: select distinct owner0_.id as id1_0_0_, pets1_.id as id1_1_1_, owner0_.first_name as first_na2_0_0_, owner0_.last_name as last_nam3_0_0_, owner0_.address as address4_0_0_, owner0_.city as city5_0_0_, owner0_.telephone as telephon6_0_0_, pets1_.name as name2_1_1_, pets1_.birth_date as birth_da3_1_1_, pets1_.owner_id as owner_id4_1_1_, pets1_.type_id as type_id5_1_1_, pets1_.owner_id as owner_id4_0_0__, pets1_.id as id1_1_0__ from owners owner0_ left outer join pets pets1_ on owner0_.id=pets1_.owner_id where owner0_.last_name like ?
Hibernate: select pettype0_.id as id1_3_0_, pettype0_.name as name2_3_0_ from types pettype0_ where pettype0_.id=?
Hibernate: select pettype0_.id as id1_3_0_, pettype0_.name as name2_3_0_ from types pettype0_ where pettype0_.id=?
Hibernate: select visits0_.pet_id as pet_id4_1_0_, visits0_.id as id1_6_0_, visits0_.id as id1_6_1_, visits0_.visit_date as visit_da2_6_1_, visits0_.description as descript3_6_1_, visits0_.pet_id as pet_id4_6_1_ from visits visits0_ where visits0_.pet_id=?
Hibernate: select visits0_.pet_id as pet_id4_1_0_, visits0_.id as id1_6_0_, visits0_.id as id1_6_1_, visits0_.visit_date as visit_da2_6_1_, visits0_.description as descript3_6_1_, visits0_.pet_id as pet_id4_6_1_ from visits visits0_ where visits0_.pet_id=?
Hibernate: select distinct owner0_.id as id1_0_0_, pets1_.id as id1_1_1_, owner0_.first_name as first_na2_0_0_, owner0_.last_name as last_nam3_0_0_, owner0_.address as address4_0_0_, owner0_.city as city5_0_0_, owner0_.telephone as telephon6_0_0_, pets1_.name as name2_1_1_, pets1_.birth_date as birth_da3_1_1_, pets1_.owner_id as owner_id4_1_1_, pets1_.type_id as type_id5_1_1_, pets1_.owner_id as owner_id4_0_0__, pets1_.id as id1_1_0__ from owners owner0_ left outer join pets pets1_ on owner0_.id=pets1_.owner_id where owner0_.last_name like ?
INFO  TransactionContext - Began transaction (1) for test context [DefaultTestContext@2274160 testClass = ClinicServiceJpaTests, testInstance = org.springframework.samples.petclinic.service.ClinicServiceJpaTests@65383667, testMethod = shouldAddNewVisitForPet@AbstractClinicServiceTests, testException = [null], mergedContextConfiguration = [MergedContextConfiguration@6ed16657 testClass = ClinicServiceJpaTests, locations = '{classpath:spring/business-config.xml}', classes = '{}', contextInitializerClasses = '[]', activeProfiles = '{jpa}', propertySourceLocations = '{}', propertySourceProperties = '{}', contextLoader = 'org.springframework.test.context.support.DelegatingSmartContextLoader', parent = [null]]]; transaction manager [org.springframework.orm.jpa.JpaTransactionManager@63cd2cd2]; rollback [true]
Hibernate: select pet0_.id as id1_1_0_, pet0_.name as name2_1_0_, pet0_.birth_date as birth_da3_1_0_, pet0_.owner_id as owner_id4_1_0_, pet0_.type_id as type_id5_1_0_, owner1_.id as id1_0_1_, owner1_.first_name as first_na2_0_1_, owner1_.last_name as last_nam3_0_1_, owner1_.address as address4_0_1_, owner1_.city as city5_0_1_, owner1_.telephone as telephon6_0_1_, pettype2_.id as id1_3_2_, pettype2_.name as name2_3_2_, visits3_.pet_id as pet_id4_1_3_, visits3_.id as id1_6_3_, visits3_.id as id1_6_4_, visits3_.visit_date as visit_da2_6_4_, visits3_.description as descript3_6_4_, visits3_.pet_id as pet_id4_6_4_ from pets pet0_ left outer join owners owner1_ on pet0_.owner_id=owner1_.id left outer join types pettype2_ on pet0_.type_id=pettype2_.id left outer join visits visits3_ on pet0_.id=visits3_.pet_id where pet0_.id=?
Hibernate: insert into visits (id, visit_date, description, pet_id) values (default, ?, ?, ?)
INFO  TransactionContext - Rolled back transaction for test context [DefaultTestContext@2274160 testClass = ClinicServiceJpaTests, testInstance = org.springframework.samples.petclinic.service.ClinicServiceJpaTests@65383667, testMethod = shouldAddNewVisitForPet@AbstractClinicServiceTests, testException = [null], mergedContextConfiguration = [MergedContextConfiguration@6ed16657 testClass = ClinicServiceJpaTests, locations = '{classpath:spring/business-config.xml}', classes = '{}', contextInitializerClasses = '[]', activeProfiles = '{jpa}', propertySourceLocations = '{}', propertySourceProperties = '{}', contextLoader = 'org.springframework.test.context.support.DelegatingSmartContextLoader', parent = [null]]].
INFO  TransactionContext - Began transaction (1) for test context [DefaultTestContext@2274160 testClass = ClinicServiceJpaTests, testInstance = org.springframework.samples.petclinic.service.ClinicServiceJpaTests@4b5a078a, testMethod = shouldUpdateOwner@AbstractClinicServiceTests, testException = [null], mergedContextConfiguration = [MergedContextConfiguration@6ed16657 testClass = ClinicServiceJpaTests, locations = '{classpath:spring/business-config.xml}', classes = '{}', contextInitializerClasses = '[]', activeProfiles = '{jpa}', propertySourceLocations = '{}', propertySourceProperties = '{}', contextLoader = 'org.springframework.test.context.support.DelegatingSmartContextLoader', parent = [null]]]; transaction manager [org.springframework.orm.jpa.JpaTransactionManager@63cd2cd2]; rollback [true]
Hibernate: select owner0_.id as id1_0_0_, pets1_.id as id1_1_1_, owner0_.first_name as first_na2_0_0_, owner0_.last_name as last_nam3_0_0_, owner0_.address as address4_0_0_, owner0_.city as city5_0_0_, owner0_.telephone as telephon6_0_0_, pets1_.name as name2_1_1_, pets1_.birth_date as birth_da3_1_1_, pets1_.owner_id as owner_id4_1_1_, pets1_.type_id as type_id5_1_1_, pets1_.owner_id as owner_id4_0_0__, pets1_.id as id1_1_0__ from owners owner0_ left outer join pets pets1_ on owner0_.id=pets1_.owner_id where owner0_.id=?
Hibernate: select pettype0_.id as id1_3_0_, pettype0_.name as name2_3_0_ from types pettype0_ where pettype0_.id=?
Hibernate: select visits0_.pet_id as pet_id4_1_0_, visits0_.id as id1_6_0_, visits0_.id as id1_6_1_, visits0_.visit_date as visit_da2_6_1_, visits0_.description as descript3_6_1_, visits0_.pet_id as pet_id4_6_1_ from visits visits0_ where visits0_.pet_id=?
Hibernate: update owners set first_name=?, last_name=?, address=?, city=?, telephone=? where id=?
Hibernate: select owner0_.id as id1_0_0_, pets1_.id as id1_1_1_, owner0_.first_name as first_na2_0_0_, owner0_.last_name as last_nam3_0_0_, owner0_.address as address4_0_0_, owner0_.city as city5_0_0_, owner0_.telephone as telephon6_0_0_, pets1_.name as name2_1_1_, pets1_.birth_date as birth_da3_1_1_, pets1_.owner_id as owner_id4_1_1_, pets1_.type_id as type_id5_1_1_, pets1_.owner_id as owner_id4_0_0__, pets1_.id as id1_1_0__ from owners owner0_ left outer join pets pets1_ on owner0_.id=pets1_.owner_id where owner0_.id=?
INFO  TransactionContext - Rolled back transaction for test context [DefaultTestContext@2274160 testClass = ClinicServiceJpaTests, testInstance = org.springframework.samples.petclinic.service.ClinicServiceJpaTests@4b5a078a, testMethod = shouldUpdateOwner@AbstractClinicServiceTests, testException = [null], mergedContextConfiguration = [MergedContextConfiguration@6ed16657 testClass = ClinicServiceJpaTests, locations = '{classpath:spring/business-config.xml}', classes = '{}', contextInitializerClasses = '[]', activeProfiles = '{jpa}', propertySourceLocations = '{}', propertySourceProperties = '{}', contextLoader = 'org.springframework.test.context.support.DelegatingSmartContextLoader', parent = [null]]].
INFO  TransactionContext - Began transaction (1) for test context [DefaultTestContext@2274160 testClass = ClinicServiceJpaTests, testInstance = org.springframework.samples.petclinic.service.ClinicServiceJpaTests@1f67761b, testMethod = shouldInsertPetIntoDatabaseAndGenerateId@AbstractClinicServiceTests, testException = [null], mergedContextConfiguration = [MergedContextConfiguration@6ed16657 testClass = ClinicServiceJpaTests, locations = '{classpath:spring/business-config.xml}', classes = '{}', contextInitializerClasses = '[]', activeProfiles = '{jpa}', propertySourceLocations = '{}', propertySourceProperties = '{}', contextLoader = 'org.springframework.test.context.support.DelegatingSmartContextLoader', parent = [null]]]; transaction manager [org.springframework.orm.jpa.JpaTransactionManager@63cd2cd2]; rollback [true]
Hibernate: select owner0_.id as id1_0_0_, pets1_.id as id1_1_1_, owner0_.first_name as first_na2_0_0_, owner0_.last_name as last_nam3_0_0_, owner0_.address as address4_0_0_, owner0_.city as city5_0_0_, owner0_.telephone as telephon6_0_0_, pets1_.name as name2_1_1_, pets1_.birth_date as birth_da3_1_1_, pets1_.owner_id as owner_id4_1_1_, pets1_.type_id as type_id5_1_1_, pets1_.owner_id as owner_id4_0_0__, pets1_.id as id1_1_0__ from owners owner0_ left outer join pets pets1_ on owner0_.id=pets1_.owner_id where owner0_.id=?
Hibernate: select pettype0_.id as id1_3_0_, pettype0_.name as name2_3_0_ from types pettype0_ where pettype0_.id=?
Hibernate: select visits0_.pet_id as pet_id4_1_0_, visits0_.id as id1_6_0_, visits0_.id as id1_6_1_, visits0_.visit_date as visit_da2_6_1_, visits0_.description as descript3_6_1_, visits0_.pet_id as pet_id4_6_1_ from visits visits0_ where visits0_.pet_id=?
Hibernate: select visits0_.pet_id as pet_id4_1_0_, visits0_.id as id1_6_0_, visits0_.id as id1_6_1_, visits0_.visit_date as visit_da2_6_1_, visits0_.description as descript3_6_1_, visits0_.pet_id as pet_id4_6_1_ from visits visits0_ where visits0_.pet_id=?
Hibernate: select pettype0_.id as id1_3_, pettype0_.name as name2_3_ from types pettype0_ order by pettype0_.name
Hibernate: insert into pets (id, name, birth_date, owner_id, type_id) values (default, ?, ?, ?, ?)
Hibernate: select owner0_.id as id1_0_0_, pets1_.id as id1_1_1_, owner0_.first_name as first_na2_0_0_, owner0_.last_name as last_nam3_0_0_, owner0_.address as address4_0_0_, owner0_.city as city5_0_0_, owner0_.telephone as telephon6_0_0_, pets1_.name as name2_1_1_, pets1_.birth_date as birth_da3_1_1_, pets1_.owner_id as owner_id4_1_1_, pets1_.type_id as type_id5_1_1_, pets1_.owner_id as owner_id4_0_0__, pets1_.id as id1_1_0__ from owners owner0_ left outer join pets pets1_ on owner0_.id=pets1_.owner_id where owner0_.id=?
INFO  TransactionContext - Rolled back transaction for test context [DefaultTestContext@2274160 testClass = ClinicServiceJpaTests, testInstance = org.springframework.samples.petclinic.service.ClinicServiceJpaTests@1f67761b, testMethod = shouldInsertPetIntoDatabaseAndGenerateId@AbstractClinicServiceTests, testException = [null], mergedContextConfiguration = [MergedContextConfiguration@6ed16657 testClass = ClinicServiceJpaTests, locations = '{classpath:spring/business-config.xml}', classes = '{}', contextInitializerClasses = '[]', activeProfiles = '{jpa}', propertySourceLocations = '{}', propertySourceProperties = '{}', contextLoader = 'org.springframework.test.context.support.DelegatingSmartContextLoader', parent = [null]]].
INFO  TransactionContext - Began transaction (1) for test context [DefaultTestContext@2274160 testClass = ClinicServiceJpaTests, testInstance = org.springframework.samples.petclinic.service.ClinicServiceJpaTests@6fc1020a, testMethod = shouldInsertOwner@AbstractClinicServiceTests, testException = [null], mergedContextConfiguration = [MergedContextConfiguration@6ed16657 testClass = ClinicServiceJpaTests, locations = '{classpath:spring/business-config.xml}', classes = '{}', contextInitializerClasses = '[]', activeProfiles = '{jpa}', propertySourceLocations = '{}', propertySourceProperties = '{}', contextLoader = 'org.springframework.test.context.support.DelegatingSmartContextLoader', parent = [null]]]; transaction manager [org.springframework.orm.jpa.JpaTransactionManager@63cd2cd2]; rollback [true]
Hibernate: select distinct owner0_.id as id1_0_0_, pets1_.id as id1_1_1_, owner0_.first_name as first_na2_0_0_, owner0_.last_name as last_nam3_0_0_, owner0_.address as address4_0_0_, owner0_.city as city5_0_0_, owner0_.telephone as telephon6_0_0_, pets1_.name as name2_1_1_, pets1_.birth_date as birth_da3_1_1_, pets1_.owner_id as owner_id4_1_1_, pets1_.type_id as type_id5_1_1_, pets1_.owner_id as owner_id4_0_0__, pets1_.id as id1_1_0__ from owners owner0_ left outer join pets pets1_ on owner0_.id=pets1_.owner_id where owner0_.last_name like ?
Hibernate: insert into owners (id, first_name, last_name, address, city, telephone) values (default, ?, ?, ?, ?, ?)
Hibernate: select distinct owner0_.id as id1_0_0_, pets1_.id as id1_1_1_, owner0_.first_name as first_na2_0_0_, owner0_.last_name as last_nam3_0_0_, owner0_.address as address4_0_0_, owner0_.city as city5_0_0_, owner0_.telephone as telephon6_0_0_, pets1_.name as name2_1_1_, pets1_.birth_date as birth_da3_1_1_, pets1_.owner_id as owner_id4_1_1_, pets1_.type_id as type_id5_1_1_, pets1_.owner_id as owner_id4_0_0__, pets1_.id as id1_1_0__ from owners owner0_ left outer join pets pets1_ on owner0_.id=pets1_.owner_id where owner0_.last_name like ?
INFO  TransactionContext - Rolled back transaction for test context [DefaultTestContext@2274160 testClass = ClinicServiceJpaTests, testInstance = org.springframework.samples.petclinic.service.ClinicServiceJpaTests@6fc1020a, testMethod = shouldInsertOwner@AbstractClinicServiceTests, testException = [null], mergedContextConfiguration = [MergedContextConfiguration@6ed16657 testClass = ClinicServiceJpaTests, locations = '{classpath:spring/business-config.xml}', classes = '{}', contextInitializerClasses = '[]', activeProfiles = '{jpa}', propertySourceLocations = '{}', propertySourceProperties = '{}', contextLoader = 'org.springframework.test.context.support.DelegatingSmartContextLoader', parent = [null]]].
Hibernate: select owner0_.id as id1_0_0_, pets1_.id as id1_1_1_, owner0_.first_name as first_na2_0_0_, owner0_.last_name as last_nam3_0_0_, owner0_.address as address4_0_0_, owner0_.city as city5_0_0_, owner0_.telephone as telephon6_0_0_, pets1_.name as name2_1_1_, pets1_.birth_date as birth_da3_1_1_, pets1_.owner_id as owner_id4_1_1_, pets1_.type_id as type_id5_1_1_, pets1_.owner_id as owner_id4_0_0__, pets1_.id as id1_1_0__ from owners owner0_ left outer join pets pets1_ on owner0_.id=pets1_.owner_id where owner0_.id=?
Hibernate: select pettype0_.id as id1_3_0_, pettype0_.name as name2_3_0_ from types pettype0_ where pettype0_.id=?
Hibernate: select visits0_.pet_id as pet_id4_1_0_, visits0_.id as id1_6_0_, visits0_.id as id1_6_1_, visits0_.visit_date as visit_da2_6_1_, visits0_.description as descript3_6_1_, visits0_.pet_id as pet_id4_6_1_ from visits visits0_ where visits0_.pet_id=?
INFO  TransactionContext - Began transaction (1) for test context [DefaultTestContext@2274160 testClass = ClinicServiceJpaTests, testInstance = org.springframework.samples.petclinic.service.ClinicServiceJpaTests@6dc9da2d, testMethod = shouldUpdatePetName@AbstractClinicServiceTests, testException = [null], mergedContextConfiguration = [MergedContextConfiguration@6ed16657 testClass = ClinicServiceJpaTests, locations = '{classpath:spring/business-config.xml}', classes = '{}', contextInitializerClasses = '[]', activeProfiles = '{jpa}', propertySourceLocations = '{}', propertySourceProperties = '{}', contextLoader = 'org.springframework.test.context.support.DelegatingSmartContextLoader', parent = [null]]]; transaction manager [org.springframework.orm.jpa.JpaTransactionManager@63cd2cd2]; rollback [true]
Hibernate: select pet0_.id as id1_1_0_, pet0_.name as name2_1_0_, pet0_.birth_date as birth_da3_1_0_, pet0_.owner_id as owner_id4_1_0_, pet0_.type_id as type_id5_1_0_, owner1_.id as id1_0_1_, owner1_.first_name as first_na2_0_1_, owner1_.last_name as last_nam3_0_1_, owner1_.address as address4_0_1_, owner1_.city as city5_0_1_, owner1_.telephone as telephon6_0_1_, pettype2_.id as id1_3_2_, pettype2_.name as name2_3_2_, visits3_.pet_id as pet_id4_1_3_, visits3_.id as id1_6_3_, visits3_.id as id1_6_4_, visits3_.visit_date as visit_da2_6_4_, visits3_.description as descript3_6_4_, visits3_.pet_id as pet_id4_6_4_ from pets pet0_ left outer join owners owner1_ on pet0_.owner_id=owner1_.id left outer join types pettype2_ on pet0_.type_id=pettype2_.id left outer join visits visits3_ on pet0_.id=visits3_.pet_id where pet0_.id=?
INFO  TransactionContext - Rolled back transaction for test context [DefaultTestContext@2274160 testClass = ClinicServiceJpaTests, testInstance = org.springframework.samples.petclinic.service.ClinicServiceJpaTests@6dc9da2d, testMethod = shouldUpdatePetName@AbstractClinicServiceTests, testException = [null], mergedContextConfiguration = [MergedContextConfiguration@6ed16657 testClass = ClinicServiceJpaTests, locations = '{classpath:spring/business-config.xml}', classes = '{}', contextInitializerClasses = '[]', activeProfiles = '{jpa}', propertySourceLocations = '{}', propertySourceProperties = '{}', contextLoader = 'org.springframework.test.context.support.DelegatingSmartContextLoader', parent = [null]]].
Hibernate: select pettype0_.id as id1_3_, pettype0_.name as name2_3_ from types pettype0_ order by pettype0_.name
Hibernate: select pet0_.id as id1_1_0_, pet0_.name as name2_1_0_, pet0_.birth_date as birth_da3_1_0_, pet0_.owner_id as owner_id4_1_0_, pet0_.type_id as type_id5_1_0_, owner1_.id as id1_0_1_, owner1_.first_name as first_na2_0_1_, owner1_.last_name as last_nam3_0_1_, owner1_.address as address4_0_1_, owner1_.city as city5_0_1_, owner1_.telephone as telephon6_0_1_, pettype2_.id as id1_3_2_, pettype2_.name as name2_3_2_, visits3_.pet_id as pet_id4_1_3_, visits3_.id as id1_6_3_, visits3_.id as id1_6_4_, visits3_.visit_date as visit_da2_6_4_, visits3_.description as descript3_6_4_, visits3_.pet_id as pet_id4_6_4_ from pets pet0_ left outer join owners owner1_ on pet0_.owner_id=owner1_.id left outer join types pettype2_ on pet0_.type_id=pettype2_.id left outer join visits visits3_ on pet0_.id=visits3_.pet_id where pet0_.id=?
Tests run: 10, Failures: 0, Errors: 0, Skipped: 0, Time elapsed: 2.554 sec
Running org.springframework.samples.petclinic.service.ClinicServiceJdbcTests
INFO  DefaultTestContextBootstrapper - Loaded default TestExecutionListener class names from location [META-INF/spring.factories]: [org.springframework.test.context.web.ServletTestExecutionListener, org.springframework.test.context.support.DirtiesContextBeforeModesTestExecutionListener, org.springframework.test.context.support.DependencyInjectionTestExecutionListener, org.springframework.test.context.support.DirtiesContextTestExecutionListener, org.springframework.test.context.transaction.TransactionalTestExecutionListener, org.springframework.test.context.jdbc.SqlScriptsTestExecutionListener]
INFO  DefaultTestContextBootstrapper - Using TestExecutionListeners: [org.springframework.test.context.web.ServletTestExecutionListener@119b0892, org.springframework.test.context.support.DirtiesContextBeforeModesTestExecutionListener@1a3e8e24, org.springframework.test.context.support.DependencyInjectionTestExecutionListener@4ed4a7e4, org.springframework.test.context.support.DirtiesContextTestExecutionListener@1c7350b0, org.springframework.test.context.transaction.TransactionalTestExecutionListener@55651434, org.springframework.test.context.jdbc.SqlScriptsTestExecutionListener@3bc4ef12]
INFO  XmlBeanDefinitionReader - Loading XML bean definitions from class path resource [spring/business-config.xml]
INFO  XmlBeanDefinitionReader - Loading XML bean definitions from class path resource [spring/datasource-config.xml]
INFO  GenericApplicationContext - Refreshing org.springframework.context.support.GenericApplicationContext@50448409: startup date [Thu Jul 18 10:12:43 UTC 2019]; root of context hierarchy
INFO  PropertyPlaceholderConfigurer - Loading properties file from class path resource [spring/data-access.properties]
INFO  PropertyPlaceholderConfigurer - Loading properties file from class path resource [spring/data-access.properties]
INFO  ScriptUtils - Executing SQL script from class path resource [db/hsqldb/initDB.sql]
INFO  ScriptUtils - Executed SQL script from class path resource [db/hsqldb/initDB.sql] in 10 ms.
INFO  ScriptUtils - Executing SQL script from class path resource [db/hsqldb/populateDB.sql]
INFO  ScriptUtils - Executed SQL script from class path resource [db/hsqldb/populateDB.sql] in 18 ms.
INFO  TransactionContext - Began transaction (1) for test context [DefaultTestContext@7bf01cb testClass = ClinicServiceJdbcTests, testInstance = org.springframework.samples.petclinic.service.ClinicServiceJdbcTests@2f382a5e, testMethod = shouldAddNewVisitForPet@AbstractClinicServiceTests, testException = [null], mergedContextConfiguration = [MergedContextConfiguration@663f237a testClass = ClinicServiceJdbcTests, locations = '{classpath:spring/business-config.xml}', classes = '{}', contextInitializerClasses = '[]', activeProfiles = '{jdbc}', propertySourceLocations = '{}', propertySourceProperties = '{}', contextLoader = 'org.springframework.test.context.support.DelegatingSmartContextLoader', parent = [null]]]; transaction manager [org.springframework.jdbc.datasource.DataSourceTransactionManager@12b5736c]; rollback [true]
Sending interrupt signal to process
INFO  TransactionContext - Rolled back transaction for test context [DefaultTestContext@7bf01cb testClass = ClinicServiceJdbcTests, testInstance = org.springframework.samples.petclinic.service.ClinicServiceJdbcTests@2f382a5e, testMethod = shouldAddNewVisitForPet@AbstractClinicServiceTests, testException = [null], mergedContextConfiguration = [MergedContextConfiguration@663f237a testClass = ClinicServiceJdbcTests, locations = '{classpath:spring/business-config.xml}', classes = '{}', contextInitializerClasses = '[]', activeProfiles = '{jdbc}', propertySourceLocations = '{}', propertySourceProperties = '{}', contextLoader = 'org.springframework.test.context.support.DelegatingSmartContextLoader', parent = [null]]].
INFO  TransactionContext - Began transaction (1) for test context [DefaultTestContext@7bf01cb testClass = ClinicServiceJdbcTests, testInstance = org.springframework.samples.petclinic.service.ClinicServiceJdbcTests@1823b9c4, testMethod = shouldUpdateOwner@AbstractClinicServiceTests, testException = [null], mergedContextConfiguration = [MergedContextConfiguration@663f237a testClass = ClinicServiceJdbcTests, locations = '{classpath:spring/business-config.xml}', classes = '{}', contextInitializerClasses = '[]', activeProfiles = '{jdbc}', propertySourceLocations = '{}', propertySourceProperties = '{}', contextLoader = 'org.springframework.test.context.support.DelegatingSmartContextLoader', parent = [null]]]; transaction manager [org.springframework.jdbc.datasource.DataSourceTransactionManager@12b5736c]; rollback [true]
INFO  TransactionContext - Rolled back transaction for test context [DefaultTestContext@7bf01cb testClass = ClinicServiceJdbcTests, testInstance = org.springframework.samples.petclinic.service.ClinicServiceJdbcTests@1823b9c4, testMethod = shouldUpdateOwner@AbstractClinicServiceTests, testException = [null], mergedContextConfiguration = [MergedContextConfiguration@663f237a testClass = ClinicServiceJdbcTests, locations = '{classpath:spring/business-config.xml}', classes = '{}', contextInitializerClasses = '[]', activeProfiles = '{jdbc}', propertySourceLocations = '{}', propertySourceProperties = '{}', contextLoader = 'org.springframework.test.context.support.DelegatingSmartContextLoader', parent = [null]]].
INFO  TransactionContext - Began transaction (1) for test context [DefaultTestContext@7bf01cb testClass = ClinicServiceJdbcTests, testInstance = org.springframework.samples.petclinic.service.ClinicServiceJdbcTests@309cedb6, testMethod = shouldInsertPetIntoDatabaseAndGenerateId@AbstractClinicServiceTests, testException = [null], mergedContextConfiguration = [MergedContextConfiguration@663f237a testClass = ClinicServiceJdbcTests, locations = '{classpath:spring/business-config.xml}', classes = '{}', contextInitializerClasses = '[]', activeProfiles = '{jdbc}', propertySourceLocations = '{}', propertySourceProperties = '{}', contextLoader = 'org.springframework.test.context.support.DelegatingSmartContextLoader', parent = [null]]]; transaction manager [org.springframework.jdbc.datasource.DataSourceTransactionManager@12b5736c]; rollback [true]
INFO  TransactionContext - Rolled back transaction for test context [DefaultTestContext@7bf01cb testClass = ClinicServiceJdbcTests, testInstance = org.springframework.samples.petclinic.service.ClinicServiceJdbcTests@309cedb6, testMethod = shouldInsertPetIntoDatabaseAndGenerateId@AbstractClinicServiceTests, testException = [null], mergedContextConfiguration = [MergedContextConfiguration@663f237a testClass = ClinicServiceJdbcTests, locations = '{classpath:spring/business-config.xml}', classes = '{}', contextInitializerClasses = '[]', activeProfiles = '{jdbc}', propertySourceLocations = '{}', propertySourceProperties = '{}', contextLoader = 'org.springframework.test.context.support.DelegatingSmartContextLoader', parent = [null]]].
INFO  TransactionContext - Began transaction (1) for test context [DefaultTestContext@7bf01cb testClass = ClinicServiceJdbcTests, testInstance = org.springframework.samples.petclinic.service.ClinicServiceJdbcTests@3252747e, testMethod = shouldInsertOwner@AbstractClinicServiceTests, testException = [null], mergedContextConfiguration = [MergedContextConfiguration@663f237a testClass = ClinicServiceJdbcTests, locations = '{classpath:spring/business-config.xml}', classes = '{}', contextInitializerClasses = '[]', activeProfiles = '{jdbc}', propertySourceLocations = '{}', propertySourceProperties = '{}', contextLoader = 'org.springframework.test.context.support.DelegatingSmartContextLoader', parent = [null]]]; transaction manager [org.springframework.jdbc.datasource.DataSourceTransactionManager@12b5736c]; rollback [true]
INFO  TransactionContext - Rolled back transaction for test context [DefaultTestContext@7bf01cb testClass = ClinicServiceJdbcTests, testInstance = org.springframework.samples.petclinic.service.ClinicServiceJdbcTests@3252747e, testMethod = shouldInsertOwner@AbstractClinicServiceTests, testException = [null], mergedContextConfiguration = [MergedContextConfiguration@663f237a testClass = ClinicServiceJdbcTests, locations = '{classpath:spring/business-config.xml}', classes = '{}', contextInitializerClasses = '[]', activeProfiles = '{jdbc}', propertySourceLocations = '{}', propertySourceProperties = '{}', contextLoader = 'org.springframework.test.context.support.DelegatingSmartContextLoader', parent = [null]]].
INFO  TransactionContext - Began transaction (1) for test context [DefaultTestContext@7bf01cb testClass = ClinicServiceJdbcTests, testInstance = org.springframework.samples.petclinic.service.ClinicServiceJdbcTests@22c53d82, testMethod = shouldUpdatePetName@AbstractClinicServiceTests, testException = [null], mergedContextConfiguration = [MergedContextConfiguration@663f237a testClass = ClinicServiceJdbcTests, locations = '{classpath:spring/business-config.xml}', classes = '{}', contextInitializerClasses = '[]', activeProfiles = '{jdbc}', propertySourceLocations = '{}', propertySourceProperties = '{}', contextLoader = 'org.springframework.test.context.support.DelegatingSmartContextLoader', parent = [null]]]; transaction manager [org.springframework.jdbc.datasource.DataSourceTransactionManager@12b5736c]; rollback [true]
INFO  TransactionContext - Rolled back transaction for test context [DefaultTestContext@7bf01cb testClass = ClinicServiceJdbcTests, testInstance = org.springframework.samples.petclinic.service.ClinicServiceJdbcTests@22c53d82, testMethod = shouldUpdatePetName@AbstractClinicServiceTests, testException = [null], mergedContextConfiguration = [MergedContextConfiguration@663f237a testClass = ClinicServiceJdbcTests, locations = '{classpath:spring/business-config.xml}', classes = '{}', contextInitializerClasses = '[]', activeProfiles = '{jdbc}', propertySourceLocations = '{}', propertySourceProperties = '{}', contextLoader = 'org.springframework.test.context.support.DelegatingSmartContextLoader', parent = [null]]].
Tests run: 10, Failures: 0, Errors: 0, Skipped: 0, Time elapsed: 0.426 sec
Running org.springframework.samples.petclinic.service.ClinicServiceSpringDataJpaTests
INFO  DefaultTestContextBootstrapper - Loaded default TestExecutionListener class names from location [META-INF/spring.factories]: [org.springframework.test.context.web.ServletTestExecutionListener, org.springframework.test.context.support.DirtiesContextBeforeModesTestExecutionListener, org.springframework.test.context.support.DependencyInjectionTestExecutionListener, org.springframework.test.context.support.DirtiesContextTestExecutionListener, org.springframework.test.context.transaction.TransactionalTestExecutionListener, org.springframework.test.context.jdbc.SqlScriptsTestExecutionListener]
INFO  DefaultTestContextBootstrapper - Using TestExecutionListeners: [org.springframework.test.context.web.ServletTestExecutionListener@54e12f4c, org.springframework.test.context.support.DirtiesContextBeforeModesTestExecutionListener@60990e5c, org.springframework.test.context.support.DependencyInjectionTestExecutionListener@4d84049a, org.springframework.test.context.support.DirtiesContextTestExecutionListener@39ee94de, org.springframework.test.context.transaction.TransactionalTestExecutionListener@642857e0, org.springframework.test.context.jdbc.SqlScriptsTestExecutionListener@4c6b4ed7]
INFO  XmlBeanDefinitionReader - Loading XML bean definitions from class path resource [spring/business-config.xml]
INFO  XmlBeanDefinitionReader - Loading XML bean definitions from class path resource [spring/datasource-config.xml]
INFO  GenericApplicationContext - Closing org.springframework.context.support.GenericApplicationContext@50448409: startup date [Thu Jul 18 10:12:43 UTC 2019]; root of context hierarchy
INFO  GenericApplicationContext - Closing org.springframework.context.support.GenericApplicationContext@58695725: startup date [Thu Jul 18 10:12:41 UTC 2019]; root of context hierarchy
INFO  LocalContainerEntityManagerFactoryBean - Closing JPA EntityManagerFactory for persistence unit 'petclinic'

Results :

Tests run: 21, Failures: 0, Errors: 0, Skipped: 0

[INFO] ------------------------------------------------------------------------
[INFO] BUILD FAILURE
[INFO] ------------------------------------------------------------------------
[INFO] Total time:  10.635 s
[INFO] Finished at: 2019-07-18T10:12:44Z
[INFO] ------------------------------------------------------------------------
[ERROR] Failed to execute goal org.apache.maven.plugins:maven-surefire-plugin:2.13:test (default-test) on project spring-petclinic: Execution default-test of goal org.apache.maven.plugins:maven-surefire-plugin:2.13:test failed: The forked VM terminated without saying properly goodbye. VM crash or System.exit called ?
[ERROR] Command was/bin/sh -c cd /root/.jenkins/workspace/PL-PetClinic && /usr/lib/jvm/java-1.8.0-openjdk-1.8.0.212.b04-0.el7_6.x86_64/jre/bin/java -jar /root/.jenkins/workspace/PL-PetClinic/target/surefire/surefirebooter5434365943952566319.jar /root/.jenkins/workspace/PL-PetClinic/target/surefire/surefire2245221277765101009tmp /root/.jenkins/workspace/PL-PetClinic/target/surefire/surefire_08779579789703823039tmp
[ERROR] -> [Help 1]
[ERROR] 
[ERROR] To see the full stack trace of the errors, re-run Maven with the -e switch.
[ERROR] Re-run Maven using the -X switch to enable full debug logging.
[ERROR] 
[ERROR] For more information about the errors and possible solutions, please read the following articles:
[ERROR] [Help 1] http://cwiki.apache.org/confluence/display/MAVEN/PluginExecutionException
script returned exit code 1
[8mha:////4HFxXAmh0I8d9izLtb6sH5z3CGRw6kwizSeItDZ2cB/jAAAApR+LCAAAAAAAAP9tjTEOwjAQBC9BFLSUPOIiIUSDqNJabniBiY1xYt0Z2yGpeBFf4w8EIlGxxWpnm3m+YJkiHDlabA11jlLjMPjeTgsHjt3F84Atn7FhSuwNSjNI1qaeUXI2MKcoYSFgZajxnBzZDGvRqruqvCJbnXKcvoOA0ukbPKAQkzmrmL8wRthce52Yfp6/AhhDyFBu95/avQHjyRvdvgAAAA==[0m[Pipeline] }
[8mha:////4GX8GlwgZNloX+hvBkTTdCOZfkAGs0S6ILTJwMkyaPLZAAAApR+LCAAAAAAAAP9tjTEOwjAQBC9BFLSUPOIiQUGBqNJabniBiY1xYt0Z2yGpeBFf4w8EIlGxxWpnm3m+YJkiHDlabA11jlLjMPjeTgsHjt3F84Atn7FhSuwNSjNI1qaeUXI2MKcoYSFgZajxnBzZDGvRqruqvCJbnXKcvoOA0ukbPKAQkzmrmL8wRthce52Yfp6/AhhDyFBu95/avQHljyOIvgAAAA==[0m[Pipeline] // stage
[8mha:////4A8tMsBPlcJ5F2TOeXan3+RzyUQAhyI3uOEWV4lGABBNAAAApB+LCAAAAAAAAP9tjTEOwjAQBDdBFLSUPMKREAUSoqK10vACkxjjxLoL9oWk4kV8jT8QEYmKrXammdcbyxRx5OhUY6n1lCqvutC76amBY3sNPKiGL6piShysKu1Qcm1PM5YsFvOyHAuNlaUqcPLkBGvdmIcpgiFXnCVO7qCR+/qOJzI9lcVE+cIYsbn1dWL6df4GMHadIN/uBdnuA+oSoWS9AAAA[0m[Pipeline] }
[8mha:////4H1HW0tXDluuT+CyqFjl1coTBMLftXcDVAynTeWhJbvMAAAAox+LCAAAAAAAAP9tjTEOwjAQBDdBFLSUPMKRoEKIitZKwwtMYowT6y7YF5KKF/E1/kBEJCq22plmXm8sU8SRo1ONpdZTqrzqQu+mpwaO7TXwoBq+qIopcbCqtEPJtT3NWLJYzMtyLDRWlqrAyZMTrHVjHqYIhlxxlji5g0bu6zueyPRUFhPlC2PE5tbXienX+RvA2HWCfLsXZLsP+a6lx70AAAA=[0m[Pipeline] // node
[8mha:////4Kmfl5mvSNFgTMNzcL9b/g+DIFBlgBD3ETFa+ZrLMwRbAAAAoh+LCAAAAAAAAP9tjTEOwjAQBDdBFLSUPMJBUCIqWisNLzCJMU6su2BfSCpexNf4AxGRqNhqZ5p5vbFMEUeOTjWWWk+p8qoLvZueGji218CDaviiKqbEwarSDiXX9jRjyWIxL8ux0FhZqgInT06w1o15mCIYcsVZ4uQOGrmv73gi01NZTJQvjBGbW18npl/nbwBj1wny/VaQ7T67L+52vQAAAA==[0m[Pipeline] End of Pipeline
Finished: ABORTED
